[debug] [2024-01-21T12:20:09.604Z] ----------------------------------------------------------------------
[debug] [2024-01-21T12:20:09.607Z] Command:       C:\Program Files\nodejs\node.exe C:\Users\ACER N5\AppData\Roaming\npm\node_modules\firebase-tools\lib\bin\firebase.js deploy --only functions
[debug] [2024-01-21T12:20:09.607Z] CLI Version:   13.0.3
[debug] [2024-01-21T12:20:09.607Z] Platform:      win32
[debug] [2024-01-21T12:20:09.607Z] Node Version:  v20.10.0
[debug] [2024-01-21T12:20:09.607Z] Time:          Sun Jan 21 2024 20:20:09 GMT+0800 (China Standard Time)
[debug] [2024-01-21T12:20:09.607Z] ----------------------------------------------------------------------
[debug] 
[debug] [2024-01-21T12:20:09.690Z] > command requires scopes: ["email","openid","https://www.googleapis.com/auth/cloudplatformprojects.readonly","https://www.googleapis.com/auth/firebase","https://www.googleapis.com/auth/cloud-platform"]
[debug] [2024-01-21T12:20:09.694Z] > authorizing via signed-in user (vicnathangabrielle@gmail.com)
[debug] [2024-01-21T12:20:09.694Z] [iam] checking project tactile-runway-402007 for permissions ["cloudfunctions.functions.create","cloudfunctions.functions.delete","cloudfunctions.functions.get","cloudfunctions.functions.list","cloudfunctions.functions.update","cloudfunctions.operations.get","firebase.projects.get"]
[debug] [2024-01-21T12:20:09.696Z] > refreshing access token with scopes: []
[debug] [2024-01-21T12:20:09.698Z] >>> [apiv2][query] POST https://www.googleapis.com/oauth2/v3/token [none]
[debug] [2024-01-21T12:20:09.698Z] >>> [apiv2][body] POST https://www.googleapis.com/oauth2/v3/token [omitted]
[debug] [2024-01-21T12:20:09.890Z] <<< [apiv2][status] POST https://www.googleapis.com/oauth2/v3/token 200
[debug] [2024-01-21T12:20:09.891Z] <<< [apiv2][body] POST https://www.googleapis.com/oauth2/v3/token [omitted]
[debug] [2024-01-21T12:20:09.901Z] >>> [apiv2][query] POST https://cloudresourcemanager.googleapis.com/v1/projects/tactile-runway-402007:testIamPermissions [none]
[debug] [2024-01-21T12:20:09.901Z] >>> [apiv2][(partial)header] POST https://cloudresourcemanager.googleapis.com/v1/projects/tactile-runway-402007:testIamPermissions x-goog-quota-user=projects/tactile-runway-402007
[debug] [2024-01-21T12:20:09.901Z] >>> [apiv2][body] POST https://cloudresourcemanager.googleapis.com/v1/projects/tactile-runway-402007:testIamPermissions {"permissions":["cloudfunctions.functions.create","cloudfunctions.functions.delete","cloudfunctions.functions.get","cloudfunctions.functions.list","cloudfunctions.functions.update","cloudfunctions.operations.get","firebase.projects.get"]}
[debug] [2024-01-21T12:20:10.798Z] <<< [apiv2][status] POST https://cloudresourcemanager.googleapis.com/v1/projects/tactile-runway-402007:testIamPermissions 200
[debug] [2024-01-21T12:20:10.798Z] <<< [apiv2][body] POST https://cloudresourcemanager.googleapis.com/v1/projects/tactile-runway-402007:testIamPermissions {"permissions":["cloudfunctions.functions.create","cloudfunctions.functions.delete","cloudfunctions.functions.get","cloudfunctions.functions.list","cloudfunctions.functions.update","cloudfunctions.operations.get","firebase.projects.get"]}
[debug] [2024-01-21T12:20:10.798Z] >>> [apiv2][query] POST https://iam.googleapis.com/v1/projects/tactile-runway-402007/serviceAccounts/tactile-runway-402007@appspot.gserviceaccount.com:testIamPermissions [none]
[debug] [2024-01-21T12:20:10.798Z] >>> [apiv2][body] POST https://iam.googleapis.com/v1/projects/tactile-runway-402007/serviceAccounts/tactile-runway-402007@appspot.gserviceaccount.com:testIamPermissions {"permissions":["iam.serviceAccounts.actAs"]}
[debug] [2024-01-21T12:20:11.969Z] <<< [apiv2][status] POST https://iam.googleapis.com/v1/projects/tactile-runway-402007/serviceAccounts/tactile-runway-402007@appspot.gserviceaccount.com:testIamPermissions 200
[debug] [2024-01-21T12:20:11.970Z] <<< [apiv2][body] POST https://iam.googleapis.com/v1/projects/tactile-runway-402007/serviceAccounts/tactile-runway-402007@appspot.gserviceaccount.com:testIamPermissions {"permissions":["iam.serviceAccounts.actAs"]}
[info] 
[info] === Deploying to 'tactile-runway-402007'...
[info] 
[info] i  deploying functions 
[info] Running command: npm --prefix "$RESOURCE_DIR" run build
[info] +  functions: Finished running predeploy script. 
[debug] [2024-01-21T12:20:23.978Z] >>> [apiv2][query] GET https://firebase.googleapis.com/v1beta1/projects/tactile-runway-402007 [none]
[debug] [2024-01-21T12:20:24.372Z] <<< [apiv2][status] GET https://firebase.googleapis.com/v1beta1/projects/tactile-runway-402007 200
[debug] [2024-01-21T12:20:24.373Z] <<< [apiv2][body] GET https://firebase.googleapis.com/v1beta1/projects/tactile-runway-402007 {"projectId":"tactile-runway-402007","projectNumber":"629280809364","displayName":"projectOneBackEnd","name":"projects/tactile-runway-402007","resources":{"hostingSite":"tactile-runway-402007"},"state":"ACTIVE","etag":"1_ac90a643-c81e-4e2d-ad2f-3d9cf667a4ae"}
[info] i  functions: preparing codebase default for deployment 
[info] i  functions: ensuring required API cloudfunctions.googleapis.com is enabled... 
[info] i  functions: ensuring required API cloudbuild.googleapis.com is enabled... 
[info] i  artifactregistry: ensuring required API artifactregistry.googleapis.com is enabled... 
[debug] [2024-01-21T12:20:24.376Z] >>> [apiv2][query] GET https://serviceusage.googleapis.com/v1/projects/tactile-runway-402007/services/cloudfunctions.googleapis.com [none]
[debug] [2024-01-21T12:20:24.376Z] >>> [apiv2][(partial)header] GET https://serviceusage.googleapis.com/v1/projects/tactile-runway-402007/services/cloudfunctions.googleapis.com x-goog-quota-user=projects/tactile-runway-402007
[debug] [2024-01-21T12:20:24.377Z] >>> [apiv2][query] GET https://serviceusage.googleapis.com/v1/projects/tactile-runway-402007/services/runtimeconfig.googleapis.com [none]
[debug] [2024-01-21T12:20:24.377Z] >>> [apiv2][(partial)header] GET https://serviceusage.googleapis.com/v1/projects/tactile-runway-402007/services/runtimeconfig.googleapis.com x-goog-quota-user=projects/tactile-runway-402007
[debug] [2024-01-21T12:20:24.378Z] >>> [apiv2][query] GET https://serviceusage.googleapis.com/v1/projects/tactile-runway-402007/services/cloudbuild.googleapis.com [none]
[debug] [2024-01-21T12:20:24.378Z] >>> [apiv2][(partial)header] GET https://serviceusage.googleapis.com/v1/projects/tactile-runway-402007/services/cloudbuild.googleapis.com x-goog-quota-user=projects/tactile-runway-402007
[debug] [2024-01-21T12:20:24.379Z] >>> [apiv2][query] GET https://serviceusage.googleapis.com/v1/projects/tactile-runway-402007/services/artifactregistry.googleapis.com [none]
[debug] [2024-01-21T12:20:24.379Z] >>> [apiv2][(partial)header] GET https://serviceusage.googleapis.com/v1/projects/tactile-runway-402007/services/artifactregistry.googleapis.com x-goog-quota-user=projects/tactile-runway-402007
[debug] [2024-01-21T12:20:25.604Z] <<< [apiv2][status] GET https://serviceusage.googleapis.com/v1/projects/tactile-runway-402007/services/cloudfunctions.googleapis.com 200
[debug] [2024-01-21T12:20:25.605Z] <<< [apiv2][body] GET https://serviceusage.googleapis.com/v1/projects/tactile-runway-402007/services/cloudfunctions.googleapis.com [omitted]
[info] +  functions: required API cloudfunctions.googleapis.com is enabled 
[debug] [2024-01-21T12:20:25.607Z] <<< [apiv2][status] GET https://serviceusage.googleapis.com/v1/projects/tactile-runway-402007/services/cloudbuild.googleapis.com 200
[debug] [2024-01-21T12:20:25.608Z] <<< [apiv2][body] GET https://serviceusage.googleapis.com/v1/projects/tactile-runway-402007/services/cloudbuild.googleapis.com [omitted]
[info] +  functions: required API cloudbuild.googleapis.com is enabled 
[debug] [2024-01-21T12:20:25.612Z] <<< [apiv2][status] GET https://serviceusage.googleapis.com/v1/projects/tactile-runway-402007/services/runtimeconfig.googleapis.com 200
[debug] [2024-01-21T12:20:25.612Z] <<< [apiv2][body] GET https://serviceusage.googleapis.com/v1/projects/tactile-runway-402007/services/runtimeconfig.googleapis.com [omitted]
[debug] [2024-01-21T12:20:25.617Z] <<< [apiv2][status] GET https://serviceusage.googleapis.com/v1/projects/tactile-runway-402007/services/artifactregistry.googleapis.com 200
[debug] [2024-01-21T12:20:25.617Z] <<< [apiv2][body] GET https://serviceusage.googleapis.com/v1/projects/tactile-runway-402007/services/artifactregistry.googleapis.com [omitted]
[info] +  artifactregistry: required API artifactregistry.googleapis.com is enabled 
[debug] [2024-01-21T12:20:25.618Z] >>> [apiv2][query] GET https://firebase.googleapis.com/v1beta1/projects/tactile-runway-402007/adminSdkConfig [none]
[debug] [2024-01-21T12:20:26.172Z] <<< [apiv2][status] GET https://firebase.googleapis.com/v1beta1/projects/tactile-runway-402007/adminSdkConfig 200
[debug] [2024-01-21T12:20:26.172Z] <<< [apiv2][body] GET https://firebase.googleapis.com/v1beta1/projects/tactile-runway-402007/adminSdkConfig {"projectId":"tactile-runway-402007","storageBucket":"tactile-runway-402007.appspot.com"}
[debug] [2024-01-21T12:20:26.173Z] >>> [apiv2][query] GET https://runtimeconfig.googleapis.com/v1beta1/projects/tactile-runway-402007/configs [none]
[debug] [2024-01-21T12:20:26.614Z] <<< [apiv2][status] GET https://runtimeconfig.googleapis.com/v1beta1/projects/tactile-runway-402007/configs 200
[debug] [2024-01-21T12:20:26.614Z] <<< [apiv2][body] GET https://runtimeconfig.googleapis.com/v1beta1/projects/tactile-runway-402007/configs {}
[debug] [2024-01-21T12:20:26.616Z] Validating nodejs source
[debug] [2024-01-21T12:20:28.587Z] > [functions] package.json contents: {
  "name": "functions",
  "scripts": {
    "build": "tsc",
    "build:watch": "tsc --watch",
    "serve": "npm run build && firebase emulators:start --only functions",
    "shell": "npm run build && firebase functions:shell",
    "start": "set NODE_ENV=dev&& nodemon --exec ts-node src/index.ts",
    "deploy": "firebase deploy --only functions",
    "logs": "firebase functions:log"
  },
  "engines": {
    "node": "18"
  },
  "main": "lib/index.js",
  "dependencies": {
    "@google-cloud/functions-framework": "^3.3.0",
    "bcrypt": "^5.1.0",
    "cookie-parser": "^1.4.6",
    "cors": "^2.8.5",
    "dotenv": "^16.3.1",
    "express": "^4.18.2",
    "express-mongo-sanitize": "^2.2.0",
    "firebase-admin": "^11.8.0",
    "firebase-functions": "^4.6.0",
    "jsonwebtoken": "^9.0.1",
    "mongoose": "^7.4.1"
  },
  "devDependencies": {
    "@types/bcrypt": "^5.0.0",
    "@types/cookie-parser": "^1.4.6",
    "@types/express": "^4.17.17",
    "@types/jest": "^29.5.11",
    "@types/jsonwebtoken": "^9.0.2",
    "@typescript-eslint/eslint-plugin": "^6.8.0",
    "@typescript-eslint/parser": "^6.8.0",
    "eslint": "^8.51.0",
    "eslint-config-prettier": "^9.1.0",
    "eslint-plugin-import": "^2.28.1",
    "firebase-functions-test": "^3.1.0",
    "jest": "^29.7.0",
    "nodemon": "^3.0.1",
    "prettier": "^3.2.4",
    "ts-jest": "^29.1.1",
    "ts-node": "^10.9.1",
    "typescript": "^4.9.0",
    "unique-username-generator": "^1.2.0"
  },
  "private": true
}
[debug] [2024-01-21T12:20:28.587Z] Building nodejs source
[info] i  functions: Loading and analyzing source code for codebase default to determine what to deploy 
[debug] [2024-01-21T12:20:28.589Z] Could not find functions.yaml. Must use http discovery
[debug] [2024-01-21T12:20:28.597Z] Found firebase-functions binary at 'C:\GitHub\projectOneBackEnd\functions\node_modules\.bin\firebase-functions'
[info] Serving at port 8260

[debug] [2024-01-21T12:20:30.337Z] Got response from /__/functions.yaml {"endpoints":{"api":{"platform":"gcfv1","availableMemoryMb":null,"timeoutSeconds":null,"minInstances":null,"maxInstances":null,"ingressSettings":null,"serviceAccountEmail":null,"vpc":null,"httpsTrigger":{},"entryPoint":"api"}},"specVersion":"v1alpha1","requiredAPIs":[]}
[info] DB connected
DB connected
DB connected

[info] DB connected

[info] i  functions: Loaded environment variables from .env, .env.prod. 
[info] i  functions: preparing functions directory for uploading... 
[info] i  functions: packaged C:\GitHub\projectOneBackEnd\functions (331.38 KB) for uploading 
[debug] [2024-01-21T12:20:41.086Z] >>> [apiv2][query] GET https://cloudfunctions.googleapis.com/v1/projects/tactile-runway-402007/locations/-/functions [none]
[debug] [2024-01-21T12:20:41.687Z] <<< [apiv2][status] GET https://cloudfunctions.googleapis.com/v1/projects/tactile-runway-402007/locations/-/functions 200
[debug] [2024-01-21T12:20:41.687Z] <<< [apiv2][body] GET https://cloudfunctions.googleapis.com/v1/projects/tactile-runway-402007/locations/-/functions {"functions":[{"name":"projects/tactile-runway-402007/locations/us-central1/functions/api","httpsTrigger":{"url":"https://us-central1-tactile-runway-402007.cloudfunctions.net/api","securityLevel":"SECURE_ALWAYS"},"status":"ACTIVE","entryPoint":"api","timeout":"60s","availableMemoryMb":256,"serviceAccountEmail":"tactile-runway-402007@appspot.gserviceaccount.com","updateTime":"2024-01-21T06:05:27.489Z","versionId":"39","labels":{"deployment-tool":"cli-firebase","firebase-functions-hash":"7cc457b97c5dab4c996d50bf07f1545be3171523"},"sourceUploadUrl":"https://storage.googleapis.com/uploads-206979342587.us-central1.cloudfunctions.appspot.com/8b86ae66-3b8b-4742-aeaa-c323677efb6d.zip","environmentVariables":{"DB_URL":"mongodb+srv://devwedeloper:zT7xqejxdQO1Jqc5@cluster0.3ox05u4.mongodb.net/projectOneDb?retryWrites=true&w=majority","MY_PORT":"3000","ALLOWED_ORIGIN":"http://localhost:4200","ALLOWED_ORIGIN_VERCEL":"https://project-one-front-end.vercel.app","ACCESS_TOKEN_SECRET":"gPkTGNrO4VdLWOn6pPUtYTnXZRH7o5dI","REFRESH_TOKEN_SECRET":"R7,@R_JRrgaQpKQVNmUV5w%q/.$*L","DB_PASSWORD":"zT7xqejxdQO1Jqc5","FIREBASE_CONFIG":"{\"projectId\":\"tactile-runway-402007\",\"storageBucket\":\"tactile-runway-402007.appspot.com\"}","GCLOUD_PROJECT":"tactile-runway-402007","EVENTARC_CLOUD_EVENT_SOURCE":"projects/tactile-runway-402007/locations/us-central1/functions/api"},"runtime":"nodejs18","ingressSettings":"ALLOW_ALL","buildId":"633a985e-17dc-4639-ba51-0790c48000bc","buildEnvironmentVariables":{"GOOGLE_NODE_RUN_SCRIPTS":""},"buildName":"projects/629280809364/locations/us-central1/builds/633a985e-17dc-4639-ba51-0790c48000bc","dockerRegistry":"ARTIFACT_REGISTRY","automaticUpdatePolicy":{}}]}
[debug] [2024-01-21T12:20:41.692Z] >>> [apiv2][query] GET https://cloudfunctions.googleapis.com/v2/projects/tactile-runway-402007/locations/-/functions filter=environment%3D%22GEN_2%22
[debug] [2024-01-21T12:20:43.338Z] <<< [apiv2][status] GET https://cloudfunctions.googleapis.com/v2/projects/tactile-runway-402007/locations/-/functions 200
[debug] [2024-01-21T12:20:43.338Z] <<< [apiv2][body] GET https://cloudfunctions.googleapis.com/v2/projects/tactile-runway-402007/locations/-/functions {}
[debug] [2024-01-21T12:20:43.345Z] >>> [apiv2][query] GET https://firebase.googleapis.com/v1beta1/projects/tactile-runway-402007 [none]
[debug] [2024-01-21T12:20:43.755Z] <<< [apiv2][status] GET https://firebase.googleapis.com/v1beta1/projects/tactile-runway-402007 200
[debug] [2024-01-21T12:20:43.756Z] <<< [apiv2][body] GET https://firebase.googleapis.com/v1beta1/projects/tactile-runway-402007 {"projectId":"tactile-runway-402007","projectNumber":"629280809364","displayName":"projectOneBackEnd","name":"projects/tactile-runway-402007","resources":{"hostingSite":"tactile-runway-402007"},"state":"ACTIVE","etag":"1_ac90a643-c81e-4e2d-ad2f-3d9cf667a4ae"}
[debug] [2024-01-21T12:20:43.761Z] >>> [apiv2][query] POST https://cloudfunctions.googleapis.com/v1/projects/tactile-runway-402007/locations/us-central1/functions:generateUploadUrl [none]
[debug] [2024-01-21T12:20:43.762Z] >>> [apiv2][body] POST https://cloudfunctions.googleapis.com/v1/projects/tactile-runway-402007/locations/us-central1/functions:generateUploadUrl {}
[debug] [2024-01-21T12:20:44.452Z] <<< [apiv2][status] POST https://cloudfunctions.googleapis.com/v1/projects/tactile-runway-402007/locations/us-central1/functions:generateUploadUrl 200
[debug] [2024-01-21T12:20:44.452Z] <<< [apiv2][body] POST https://cloudfunctions.googleapis.com/v1/projects/tactile-runway-402007/locations/us-central1/functions:generateUploadUrl {"uploadUrl":"https://storage.googleapis.com/uploads-206979342587.us-central1.cloudfunctions.appspot.com/d76c616c-1ba0-47c0-85f9-2ee86819e737.zip?GoogleAccessId=service-629280809364@gcf-admin-robot.iam.gserviceaccount.com&Expires=1705841444&Signature=T7GOp%2BcPNC83yHcG08F3Rz33zs70GYfQpbz2abbwagheF811r6YEr1IHADTSMEPxaN1xqczW2A7L2WkP4eYb1ZA%2BOdDY90enXyIMSkGG4A1ZMH4dbfJTCUEWV3VPhrwCLaoV71pOvApveiBuuY6LpNADH6nGbNcAlBpaE%2FdaGNrf0X9ZaFcgVKRYhM%2B1oVr6KdzMDD3cT9t4EoGt172dEMlMzNNjenD91w%2F1uIdoTXtsbJ%2BFuV5OkDiIHrseAnN%2FbboD%2F9SMv4Mxn0puNyGsA48cw8S6f%2ByjDgr3ezvGBXotqZ54xa7UwxO1LqwyzEGl9YzMXRtlU7z8HeUc58KlhQ%3D%3D"}
[debug] [2024-01-21T12:20:44.453Z] >>> [apiv2][query] PUT https://storage.googleapis.com/uploads-206979342587.us-central1.cloudfunctions.appspot.com/d76c616c-1ba0-47c0-85f9-2ee86819e737.zip GoogleAccessId=service-629280809364%40gcf-admin-robot.iam.gserviceaccount.com&Expires=1705841444&Signature=T7GOp%2BcPNC83yHcG08F3Rz33zs70GYfQpbz2abbwagheF811r6YEr1IHADTSMEPxaN1xqczW2A7L2WkP4eYb1ZA%2BOdDY90enXyIMSkGG4A1ZMH4dbfJTCUEWV3VPhrwCLaoV71pOvApveiBuuY6LpNADH6nGbNcAlBpaE%2FdaGNrf0X9ZaFcgVKRYhM%2B1oVr6KdzMDD3cT9t4EoGt172dEMlMzNNjenD91w%2F1uIdoTXtsbJ%2BFuV5OkDiIHrseAnN%2FbboD%2F9SMv4Mxn0puNyGsA48cw8S6f%2ByjDgr3ezvGBXotqZ54xa7UwxO1LqwyzEGl9YzMXRtlU7z8HeUc58KlhQ%3D%3D
[debug] [2024-01-21T12:20:44.453Z] >>> [apiv2][body] PUT https://storage.googleapis.com/uploads-206979342587.us-central1.cloudfunctions.appspot.com/d76c616c-1ba0-47c0-85f9-2ee86819e737.zip [stream]
[debug] [2024-01-21T12:20:46.708Z] <<< [apiv2][status] PUT https://storage.googleapis.com/uploads-206979342587.us-central1.cloudfunctions.appspot.com/d76c616c-1ba0-47c0-85f9-2ee86819e737.zip 200
[debug] [2024-01-21T12:20:46.708Z] <<< [apiv2][body] PUT https://storage.googleapis.com/uploads-206979342587.us-central1.cloudfunctions.appspot.com/d76c616c-1ba0-47c0-85f9-2ee86819e737.zip [omitted]
[info] +  functions: functions folder uploaded successfully 
[info] i  functions: updating Node.js 18 (1st Gen) function api(us-central1)... 
[debug] [2024-01-21T12:20:46.717Z] >>> [apiv2][query] PATCH https://cloudfunctions.googleapis.com/v1/projects/tactile-runway-402007/locations/us-central1/functions/api updateMask=name%2CsourceUploadUrl%2CentryPoint%2Cruntime%2CdockerRegistry%2Clabels%2ChttpsTrigger.securityLevel%2CminInstances%2CmaxInstances%2CingressSettings%2CenvironmentVariables%2CserviceAccountEmail%2CavailableMemoryMb%2Ctimeout%2CvpcConnector%2CvpcConnectorEgressSettings%2CsourceToken%2CbuildEnvironmentVariables
[debug] [2024-01-21T12:20:46.718Z] >>> [apiv2][body] PATCH https://cloudfunctions.googleapis.com/v1/projects/tactile-runway-402007/locations/us-central1/functions/api {"name":"projects/tactile-runway-402007/locations/us-central1/functions/api","sourceUploadUrl":"https://storage.googleapis.com/uploads-206979342587.us-central1.cloudfunctions.appspot.com/d76c616c-1ba0-47c0-85f9-2ee86819e737.zip?GoogleAccessId=service-629280809364@gcf-admin-robot.iam.gserviceaccount.com&Expires=1705841444&Signature=T7GOp%2BcPNC83yHcG08F3Rz33zs70GYfQpbz2abbwagheF811r6YEr1IHADTSMEPxaN1xqczW2A7L2WkP4eYb1ZA%2BOdDY90enXyIMSkGG4A1ZMH4dbfJTCUEWV3VPhrwCLaoV71pOvApveiBuuY6LpNADH6nGbNcAlBpaE%2FdaGNrf0X9ZaFcgVKRYhM%2B1oVr6KdzMDD3cT9t4EoGt172dEMlMzNNjenD91w%2F1uIdoTXtsbJ%2BFuV5OkDiIHrseAnN%2FbboD%2F9SMv4Mxn0puNyGsA48cw8S6f%2ByjDgr3ezvGBXotqZ54xa7UwxO1LqwyzEGl9YzMXRtlU7z8HeUc58KlhQ%3D%3D","entryPoint":"api","runtime":"nodejs18","dockerRegistry":"ARTIFACT_REGISTRY","labels":{"deployment-tool":"cli-firebase","firebase-functions-hash":"7edaefc6822c713e75b28caaf06cd79ac031fffd"},"httpsTrigger":{"securityLevel":"SECURE_ALWAYS"},"minInstances":null,"maxInstances":null,"ingressSettings":null,"environmentVariables":{"DB_URL":"mongodb+srv://devwedeloper:zT7xqejxdQO1Jqc5@cluster0.3ox05u4.mongodb.net/projectOneDb?retryWrites=true&w=majority","MY_PORT":"3000","ALLOWED_ORIGIN":"http://localhost:4200","ALLOWED_ORIGIN_VERCEL":"https://project-one-front-end.vercel.app","ACCESS_TOKEN_SECRET":"gPkTGNrO4VdLWOn6pPUtYTnXZRH7o5dI","REFRESH_TOKEN_SECRET":"R7,@R_JRrgaQpKQVNmUV5w%q/.$*L","DB_PASSWORD":"zT7xqejxdQO1Jqc5","FIREBASE_CONFIG":"{\"projectId\":\"tactile-runway-402007\",\"storageBucket\":\"tactile-runway-402007.appspot.com\"}","GCLOUD_PROJECT":"tactile-runway-402007","EVENTARC_CLOUD_EVENT_SOURCE":"projects/tactile-runway-402007/locations/us-central1/functions/api"},"serviceAccountEmail":null,"availableMemoryMb":null,"timeout":null,"vpcConnector":null,"vpcConnectorEgressSettings":null,"buildEnvironmentVariables":{"GOOGLE_NODE_RUN_SCRIPTS":""}}
[debug] [2024-01-21T12:20:47.433Z] <<< [apiv2][status] PATCH https://cloudfunctions.googleapis.com/v1/projects/tactile-runway-402007/locations/us-central1/functions/api 200
[debug] [2024-01-21T12:20:47.433Z] <<< [apiv2][body] PATCH https://cloudfunctions.googleapis.com/v1/projects/tactile-runway-402007/locations/us-central1/functions/api {"name":"operations/dGFjdGlsZS1ydW53YXktNDAyMDA3L3VzLWNlbnRyYWwxL2FwaS92X3NyejV1YjNlTQ","metadata":{"@type":"type.googleapis.com/google.cloud.functions.v1.OperationMetadataV1","target":"projects/tactile-runway-402007/locations/us-central1/functions/api","type":"UPDATE_FUNCTION","request":{"@type":"type.googleapis.com/google.cloud.functions.v1.CloudFunction","name":"projects/tactile-runway-402007/locations/us-central1/functions/api","httpsTrigger":{"url":"https://us-central1-tactile-runway-402007.cloudfunctions.net/api","securityLevel":"SECURE_ALWAYS"},"status":"ACTIVE","entryPoint":"api","updateTime":"2024-01-21T06:05:27.489Z","versionId":"39","labels":{"deployment-tool":"cli-firebase","firebase-functions-hash":"7edaefc6822c713e75b28caaf06cd79ac031fffd"},"sourceUploadUrl":"https://storage.googleapis.com/uploads-206979342587.us-central1.cloudfunctions.appspot.com/d76c616c-1ba0-47c0-85f9-2ee86819e737.zip?GoogleAccessId=service-629280809364@gcf-admin-robot.iam.gserviceaccount.com&Expires=1705841444&Signature=T7GOp%2BcPNC83yHcG08F3Rz33zs70GYfQpbz2abbwagheF811r6YEr1IHADTSMEPxaN1xqczW2A7L2WkP4eYb1ZA%2BOdDY90enXyIMSkGG4A1ZMH4dbfJTCUEWV3VPhrwCLaoV71pOvApveiBuuY6LpNADH6nGbNcAlBpaE%2FdaGNrf0X9ZaFcgVKRYhM%2B1oVr6KdzMDD3cT9t4EoGt172dEMlMzNNjenD91w%2F1uIdoTXtsbJ%2BFuV5OkDiIHrseAnN%2FbboD%2F9SMv4Mxn0puNyGsA48cw8S6f%2ByjDgr3ezvGBXotqZ54xa7UwxO1LqwyzEGl9YzMXRtlU7z8HeUc58KlhQ%3D%3D","environmentVariables":{"DB_URL":"mongodb+srv://devwedeloper:zT7xqejxdQO1Jqc5@cluster0.3ox05u4.mongodb.net/projectOneDb?retryWrites=true&w=majority","MY_PORT":"3000","ALLOWED_ORIGIN":"http://localhost:4200","ALLOWED_ORIGIN_VERCEL":"https://project-one-front-end.vercel.app","ACCESS_TOKEN_SECRET":"gPkTGNrO4VdLWOn6pPUtYTnXZRH7o5dI","REFRESH_TOKEN_SECRET":"R7,@R_JRrgaQpKQVNmUV5w%q/.$*L","DB_PASSWORD":"zT7xqejxdQO1Jqc5","FIREBASE_CONFIG":"{\"projectId\":\"tactile-runway-402007\",\"storageBucket\":\"tactile-runway-402007.appspot.com\"}","GCLOUD_PROJECT":"tactile-runway-402007","EVENTARC_CLOUD_EVENT_SOURCE":"projects/tactile-runway-402007/locations/us-central1/functions/api"},"runtime":"nodejs18","buildId":"633a985e-17dc-4639-ba51-0790c48000bc","buildEnvironmentVariables":{"GOOGLE_NODE_RUN_SCRIPTS":""},"buildName":"projects/629280809364/locations/us-central1/builds/633a985e-17dc-4639-ba51-0790c48000bc","dockerRegistry":"ARTIFACT_REGISTRY","automaticUpdatePolicy":{}},"versionId":"40","updateTime":"2024-01-21T12:20:47Z"}}
[debug] [2024-01-21T12:20:47.434Z] >>> [apiv2][query] GET https://cloudfunctions.googleapis.com/v1/operations/dGFjdGlsZS1ydW53YXktNDAyMDA3L3VzLWNlbnRyYWwxL2FwaS92X3NyejV1YjNlTQ [none]
[debug] [2024-01-21T12:20:47.821Z] <<< [apiv2][status] GET https://cloudfunctions.googleapis.com/v1/operations/dGFjdGlsZS1ydW53YXktNDAyMDA3L3VzLWNlbnRyYWwxL2FwaS92X3NyejV1YjNlTQ 200
[debug] [2024-01-21T12:20:47.821Z] <<< [apiv2][body] GET https://cloudfunctions.googleapis.com/v1/operations/dGFjdGlsZS1ydW53YXktNDAyMDA3L3VzLWNlbnRyYWwxL2FwaS92X3NyejV1YjNlTQ {"name":"operations/dGFjdGlsZS1ydW53YXktNDAyMDA3L3VzLWNlbnRyYWwxL2FwaS92X3NyejV1YjNlTQ","metadata":{"@type":"type.googleapis.com/google.cloud.functions.v1.OperationMetadataV1","target":"projects/tactile-runway-402007/locations/us-central1/functions/api","type":"UPDATE_FUNCTION","request":{"@type":"type.googleapis.com/google.cloud.functions.v1.CloudFunction","name":"projects/tactile-runway-402007/locations/us-central1/functions/api","httpsTrigger":{"url":"https://us-central1-tactile-runway-402007.cloudfunctions.net/api","securityLevel":"SECURE_ALWAYS"},"status":"ACTIVE","entryPoint":"api","updateTime":"2024-01-21T06:05:27.489Z","versionId":"39","labels":{"deployment-tool":"cli-firebase","firebase-functions-hash":"7edaefc6822c713e75b28caaf06cd79ac031fffd"},"sourceUploadUrl":"https://storage.googleapis.com/uploads-206979342587.us-central1.cloudfunctions.appspot.com/d76c616c-1ba0-47c0-85f9-2ee86819e737.zip?GoogleAccessId=service-629280809364@gcf-admin-robot.iam.gserviceaccount.com&Expires=1705841444&Signature=T7GOp%2BcPNC83yHcG08F3Rz33zs70GYfQpbz2abbwagheF811r6YEr1IHADTSMEPxaN1xqczW2A7L2WkP4eYb1ZA%2BOdDY90enXyIMSkGG4A1ZMH4dbfJTCUEWV3VPhrwCLaoV71pOvApveiBuuY6LpNADH6nGbNcAlBpaE%2FdaGNrf0X9ZaFcgVKRYhM%2B1oVr6KdzMDD3cT9t4EoGt172dEMlMzNNjenD91w%2F1uIdoTXtsbJ%2BFuV5OkDiIHrseAnN%2FbboD%2F9SMv4Mxn0puNyGsA48cw8S6f%2ByjDgr3ezvGBXotqZ54xa7UwxO1LqwyzEGl9YzMXRtlU7z8HeUc58KlhQ%3D%3D","environmentVariables":{"DB_URL":"mongodb+srv://devwedeloper:zT7xqejxdQO1Jqc5@cluster0.3ox05u4.mongodb.net/projectOneDb?retryWrites=true&w=majority","MY_PORT":"3000","ALLOWED_ORIGIN":"http://localhost:4200","ALLOWED_ORIGIN_VERCEL":"https://project-one-front-end.vercel.app","ACCESS_TOKEN_SECRET":"gPkTGNrO4VdLWOn6pPUtYTnXZRH7o5dI","REFRESH_TOKEN_SECRET":"R7,@R_JRrgaQpKQVNmUV5w%q/.$*L","DB_PASSWORD":"zT7xqejxdQO1Jqc5","FIREBASE_CONFIG":"{\"projectId\":\"tactile-runway-402007\",\"storageBucket\":\"tactile-runway-402007.appspot.com\"}","GCLOUD_PROJECT":"tactile-runway-402007","EVENTARC_CLOUD_EVENT_SOURCE":"projects/tactile-runway-402007/locations/us-central1/functions/api"},"runtime":"nodejs18","buildId":"633a985e-17dc-4639-ba51-0790c48000bc","buildEnvironmentVariables":{"GOOGLE_NODE_RUN_SCRIPTS":""},"buildName":"projects/629280809364/locations/us-central1/builds/633a985e-17dc-4639-ba51-0790c48000bc","dockerRegistry":"ARTIFACT_REGISTRY","automaticUpdatePolicy":{}},"versionId":"40","updateTime":"2024-01-21T12:20:47Z"}}
[debug] [2024-01-21T12:20:48.323Z] [update-default-us-central1-api] Retrying task index 0
[debug] [2024-01-21T12:20:48.324Z] >>> [apiv2][query] GET https://cloudfunctions.googleapis.com/v1/operations/dGFjdGlsZS1ydW53YXktNDAyMDA3L3VzLWNlbnRyYWwxL2FwaS92X3NyejV1YjNlTQ [none]
[debug] [2024-01-21T12:20:48.651Z] <<< [apiv2][status] GET https://cloudfunctions.googleapis.com/v1/operations/dGFjdGlsZS1ydW53YXktNDAyMDA3L3VzLWNlbnRyYWwxL2FwaS92X3NyejV1YjNlTQ 200
[debug] [2024-01-21T12:20:48.651Z] <<< [apiv2][body] GET https://cloudfunctions.googleapis.com/v1/operations/dGFjdGlsZS1ydW53YXktNDAyMDA3L3VzLWNlbnRyYWwxL2FwaS92X3NyejV1YjNlTQ {"name":"operations/dGFjdGlsZS1ydW53YXktNDAyMDA3L3VzLWNlbnRyYWwxL2FwaS92X3NyejV1YjNlTQ","metadata":{"@type":"type.googleapis.com/google.cloud.functions.v1.OperationMetadataV1","target":"projects/tactile-runway-402007/locations/us-central1/functions/api","type":"UPDATE_FUNCTION","request":{"@type":"type.googleapis.com/google.cloud.functions.v1.CloudFunction","name":"projects/tactile-runway-402007/locations/us-central1/functions/api","httpsTrigger":{"url":"https://us-central1-tactile-runway-402007.cloudfunctions.net/api","securityLevel":"SECURE_ALWAYS"},"status":"ACTIVE","entryPoint":"api","updateTime":"2024-01-21T06:05:27.489Z","versionId":"39","labels":{"deployment-tool":"cli-firebase","firebase-functions-hash":"7edaefc6822c713e75b28caaf06cd79ac031fffd"},"sourceUploadUrl":"https://storage.googleapis.com/uploads-206979342587.us-central1.cloudfunctions.appspot.com/d76c616c-1ba0-47c0-85f9-2ee86819e737.zip?GoogleAccessId=service-629280809364@gcf-admin-robot.iam.gserviceaccount.com&Expires=1705841444&Signature=T7GOp%2BcPNC83yHcG08F3Rz33zs70GYfQpbz2abbwagheF811r6YEr1IHADTSMEPxaN1xqczW2A7L2WkP4eYb1ZA%2BOdDY90enXyIMSkGG4A1ZMH4dbfJTCUEWV3VPhrwCLaoV71pOvApveiBuuY6LpNADH6nGbNcAlBpaE%2FdaGNrf0X9ZaFcgVKRYhM%2B1oVr6KdzMDD3cT9t4EoGt172dEMlMzNNjenD91w%2F1uIdoTXtsbJ%2BFuV5OkDiIHrseAnN%2FbboD%2F9SMv4Mxn0puNyGsA48cw8S6f%2ByjDgr3ezvGBXotqZ54xa7UwxO1LqwyzEGl9YzMXRtlU7z8HeUc58KlhQ%3D%3D","environmentVariables":{"DB_URL":"mongodb+srv://devwedeloper:zT7xqejxdQO1Jqc5@cluster0.3ox05u4.mongodb.net/projectOneDb?retryWrites=true&w=majority","MY_PORT":"3000","ALLOWED_ORIGIN":"http://localhost:4200","ALLOWED_ORIGIN_VERCEL":"https://project-one-front-end.vercel.app","ACCESS_TOKEN_SECRET":"gPkTGNrO4VdLWOn6pPUtYTnXZRH7o5dI","REFRESH_TOKEN_SECRET":"R7,@R_JRrgaQpKQVNmUV5w%q/.$*L","DB_PASSWORD":"zT7xqejxdQO1Jqc5","FIREBASE_CONFIG":"{\"projectId\":\"tactile-runway-402007\",\"storageBucket\":\"tactile-runway-402007.appspot.com\"}","GCLOUD_PROJECT":"tactile-runway-402007","EVENTARC_CLOUD_EVENT_SOURCE":"projects/tactile-runway-402007/locations/us-central1/functions/api"},"runtime":"nodejs18","buildId":"633a985e-17dc-4639-ba51-0790c48000bc","buildEnvironmentVariables":{"GOOGLE_NODE_RUN_SCRIPTS":""},"buildName":"projects/629280809364/locations/us-central1/builds/633a985e-17dc-4639-ba51-0790c48000bc","dockerRegistry":"ARTIFACT_REGISTRY","automaticUpdatePolicy":{}},"versionId":"40","updateTime":"2024-01-21T12:20:47Z","buildId":"ab47fb18-24ff-4dd5-ac32-edb43dfa5503","buildName":"projects/629280809364/locations/us-central1/builds/ab47fb18-24ff-4dd5-ac32-edb43dfa5503"}}
[debug] [2024-01-21T12:20:49.654Z] [update-default-us-central1-api] Retrying task index 0
[debug] [2024-01-21T12:20:49.655Z] >>> [apiv2][query] GET https://cloudfunctions.googleapis.com/v1/operations/dGFjdGlsZS1ydW53YXktNDAyMDA3L3VzLWNlbnRyYWwxL2FwaS92X3NyejV1YjNlTQ [none]
[debug] [2024-01-21T12:20:50.130Z] <<< [apiv2][status] GET https://cloudfunctions.googleapis.com/v1/operations/dGFjdGlsZS1ydW53YXktNDAyMDA3L3VzLWNlbnRyYWwxL2FwaS92X3NyejV1YjNlTQ 200
[debug] [2024-01-21T12:20:50.130Z] <<< [apiv2][body] GET https://cloudfunctions.googleapis.com/v1/operations/dGFjdGlsZS1ydW53YXktNDAyMDA3L3VzLWNlbnRyYWwxL2FwaS92X3NyejV1YjNlTQ {"name":"operations/dGFjdGlsZS1ydW53YXktNDAyMDA3L3VzLWNlbnRyYWwxL2FwaS92X3NyejV1YjNlTQ","metadata":{"@type":"type.googleapis.com/google.cloud.functions.v1.OperationMetadataV1","target":"projects/tactile-runway-402007/locations/us-central1/functions/api","type":"UPDATE_FUNCTION","request":{"@type":"type.googleapis.com/google.cloud.functions.v1.CloudFunction","name":"projects/tactile-runway-402007/locations/us-central1/functions/api","httpsTrigger":{"url":"https://us-central1-tactile-runway-402007.cloudfunctions.net/api","securityLevel":"SECURE_ALWAYS"},"status":"ACTIVE","entryPoint":"api","updateTime":"2024-01-21T06:05:27.489Z","versionId":"39","labels":{"deployment-tool":"cli-firebase","firebase-functions-hash":"7edaefc6822c713e75b28caaf06cd79ac031fffd"},"sourceUploadUrl":"https://storage.googleapis.com/uploads-206979342587.us-central1.cloudfunctions.appspot.com/d76c616c-1ba0-47c0-85f9-2ee86819e737.zip?GoogleAccessId=service-629280809364@gcf-admin-robot.iam.gserviceaccount.com&Expires=1705841444&Signature=T7GOp%2BcPNC83yHcG08F3Rz33zs70GYfQpbz2abbwagheF811r6YEr1IHADTSMEPxaN1xqczW2A7L2WkP4eYb1ZA%2BOdDY90enXyIMSkGG4A1ZMH4dbfJTCUEWV3VPhrwCLaoV71pOvApveiBuuY6LpNADH6nGbNcAlBpaE%2FdaGNrf0X9ZaFcgVKRYhM%2B1oVr6KdzMDD3cT9t4EoGt172dEMlMzNNjenD91w%2F1uIdoTXtsbJ%2BFuV5OkDiIHrseAnN%2FbboD%2F9SMv4Mxn0puNyGsA48cw8S6f%2ByjDgr3ezvGBXotqZ54xa7UwxO1LqwyzEGl9YzMXRtlU7z8HeUc58KlhQ%3D%3D","environmentVariables":{"DB_URL":"mongodb+srv://devwedeloper:zT7xqejxdQO1Jqc5@cluster0.3ox05u4.mongodb.net/projectOneDb?retryWrites=true&w=majority","MY_PORT":"3000","ALLOWED_ORIGIN":"http://localhost:4200","ALLOWED_ORIGIN_VERCEL":"https://project-one-front-end.vercel.app","ACCESS_TOKEN_SECRET":"gPkTGNrO4VdLWOn6pPUtYTnXZRH7o5dI","REFRESH_TOKEN_SECRET":"R7,@R_JRrgaQpKQVNmUV5w%q/.$*L","DB_PASSWORD":"zT7xqejxdQO1Jqc5","FIREBASE_CONFIG":"{\"projectId\":\"tactile-runway-402007\",\"storageBucket\":\"tactile-runway-402007.appspot.com\"}","GCLOUD_PROJECT":"tactile-runway-402007","EVENTARC_CLOUD_EVENT_SOURCE":"projects/tactile-runway-402007/locations/us-central1/functions/api"},"runtime":"nodejs18","buildId":"633a985e-17dc-4639-ba51-0790c48000bc","buildEnvironmentVariables":{"GOOGLE_NODE_RUN_SCRIPTS":""},"buildName":"projects/629280809364/locations/us-central1/builds/633a985e-17dc-4639-ba51-0790c48000bc","dockerRegistry":"ARTIFACT_REGISTRY","automaticUpdatePolicy":{}},"versionId":"40","updateTime":"2024-01-21T12:20:47Z","buildId":"ab47fb18-24ff-4dd5-ac32-edb43dfa5503","buildName":"projects/629280809364/locations/us-central1/builds/ab47fb18-24ff-4dd5-ac32-edb43dfa5503"}}
[debug] [2024-01-21T12:20:52.131Z] [update-default-us-central1-api] Retrying task index 0
[debug] [2024-01-21T12:20:52.131Z] >>> [apiv2][query] GET https://cloudfunctions.googleapis.com/v1/operations/dGFjdGlsZS1ydW53YXktNDAyMDA3L3VzLWNlbnRyYWwxL2FwaS92X3NyejV1YjNlTQ [none]
[debug] [2024-01-21T12:20:52.535Z] <<< [apiv2][status] GET https://cloudfunctions.googleapis.com/v1/operations/dGFjdGlsZS1ydW53YXktNDAyMDA3L3VzLWNlbnRyYWwxL2FwaS92X3NyejV1YjNlTQ 200
[debug] [2024-01-21T12:20:52.535Z] <<< [apiv2][body] GET https://cloudfunctions.googleapis.com/v1/operations/dGFjdGlsZS1ydW53YXktNDAyMDA3L3VzLWNlbnRyYWwxL2FwaS92X3NyejV1YjNlTQ {"name":"operations/dGFjdGlsZS1ydW53YXktNDAyMDA3L3VzLWNlbnRyYWwxL2FwaS92X3NyejV1YjNlTQ","metadata":{"@type":"type.googleapis.com/google.cloud.functions.v1.OperationMetadataV1","target":"projects/tactile-runway-402007/locations/us-central1/functions/api","type":"UPDATE_FUNCTION","request":{"@type":"type.googleapis.com/google.cloud.functions.v1.CloudFunction","name":"projects/tactile-runway-402007/locations/us-central1/functions/api","httpsTrigger":{"url":"https://us-central1-tactile-runway-402007.cloudfunctions.net/api","securityLevel":"SECURE_ALWAYS"},"status":"ACTIVE","entryPoint":"api","updateTime":"2024-01-21T06:05:27.489Z","versionId":"39","labels":{"deployment-tool":"cli-firebase","firebase-functions-hash":"7edaefc6822c713e75b28caaf06cd79ac031fffd"},"sourceUploadUrl":"https://storage.googleapis.com/uploads-206979342587.us-central1.cloudfunctions.appspot.com/d76c616c-1ba0-47c0-85f9-2ee86819e737.zip?GoogleAccessId=service-629280809364@gcf-admin-robot.iam.gserviceaccount.com&Expires=1705841444&Signature=T7GOp%2BcPNC83yHcG08F3Rz33zs70GYfQpbz2abbwagheF811r6YEr1IHADTSMEPxaN1xqczW2A7L2WkP4eYb1ZA%2BOdDY90enXyIMSkGG4A1ZMH4dbfJTCUEWV3VPhrwCLaoV71pOvApveiBuuY6LpNADH6nGbNcAlBpaE%2FdaGNrf0X9ZaFcgVKRYhM%2B1oVr6KdzMDD3cT9t4EoGt172dEMlMzNNjenD91w%2F1uIdoTXtsbJ%2BFuV5OkDiIHrseAnN%2FbboD%2F9SMv4Mxn0puNyGsA48cw8S6f%2ByjDgr3ezvGBXotqZ54xa7UwxO1LqwyzEGl9YzMXRtlU7z8HeUc58KlhQ%3D%3D","environmentVariables":{"DB_URL":"mongodb+srv://devwedeloper:zT7xqejxdQO1Jqc5@cluster0.3ox05u4.mongodb.net/projectOneDb?retryWrites=true&w=majority","MY_PORT":"3000","ALLOWED_ORIGIN":"http://localhost:4200","ALLOWED_ORIGIN_VERCEL":"https://project-one-front-end.vercel.app","ACCESS_TOKEN_SECRET":"gPkTGNrO4VdLWOn6pPUtYTnXZRH7o5dI","REFRESH_TOKEN_SECRET":"R7,@R_JRrgaQpKQVNmUV5w%q/.$*L","DB_PASSWORD":"zT7xqejxdQO1Jqc5","FIREBASE_CONFIG":"{\"projectId\":\"tactile-runway-402007\",\"storageBucket\":\"tactile-runway-402007.appspot.com\"}","GCLOUD_PROJECT":"tactile-runway-402007","EVENTARC_CLOUD_EVENT_SOURCE":"projects/tactile-runway-402007/locations/us-central1/functions/api"},"runtime":"nodejs18","buildId":"633a985e-17dc-4639-ba51-0790c48000bc","buildEnvironmentVariables":{"GOOGLE_NODE_RUN_SCRIPTS":""},"buildName":"projects/629280809364/locations/us-central1/builds/633a985e-17dc-4639-ba51-0790c48000bc","dockerRegistry":"ARTIFACT_REGISTRY","automaticUpdatePolicy":{}},"versionId":"40","updateTime":"2024-01-21T12:20:47Z","buildId":"ab47fb18-24ff-4dd5-ac32-edb43dfa5503","buildName":"projects/629280809364/locations/us-central1/builds/ab47fb18-24ff-4dd5-ac32-edb43dfa5503"}}
[debug] [2024-01-21T12:20:56.538Z] [update-default-us-central1-api] Retrying task index 0
[debug] [2024-01-21T12:20:56.539Z] >>> [apiv2][query] GET https://cloudfunctions.googleapis.com/v1/operations/dGFjdGlsZS1ydW53YXktNDAyMDA3L3VzLWNlbnRyYWwxL2FwaS92X3NyejV1YjNlTQ [none]
[debug] [2024-01-21T12:20:56.843Z] <<< [apiv2][status] GET https://cloudfunctions.googleapis.com/v1/operations/dGFjdGlsZS1ydW53YXktNDAyMDA3L3VzLWNlbnRyYWwxL2FwaS92X3NyejV1YjNlTQ 200
[debug] [2024-01-21T12:20:56.843Z] <<< [apiv2][body] GET https://cloudfunctions.googleapis.com/v1/operations/dGFjdGlsZS1ydW53YXktNDAyMDA3L3VzLWNlbnRyYWwxL2FwaS92X3NyejV1YjNlTQ {"name":"operations/dGFjdGlsZS1ydW53YXktNDAyMDA3L3VzLWNlbnRyYWwxL2FwaS92X3NyejV1YjNlTQ","metadata":{"@type":"type.googleapis.com/google.cloud.functions.v1.OperationMetadataV1","target":"projects/tactile-runway-402007/locations/us-central1/functions/api","type":"UPDATE_FUNCTION","request":{"@type":"type.googleapis.com/google.cloud.functions.v1.CloudFunction","name":"projects/tactile-runway-402007/locations/us-central1/functions/api","httpsTrigger":{"url":"https://us-central1-tactile-runway-402007.cloudfunctions.net/api","securityLevel":"SECURE_ALWAYS"},"status":"ACTIVE","entryPoint":"api","updateTime":"2024-01-21T06:05:27.489Z","versionId":"39","labels":{"deployment-tool":"cli-firebase","firebase-functions-hash":"7edaefc6822c713e75b28caaf06cd79ac031fffd"},"sourceUploadUrl":"https://storage.googleapis.com/uploads-206979342587.us-central1.cloudfunctions.appspot.com/d76c616c-1ba0-47c0-85f9-2ee86819e737.zip?GoogleAccessId=service-629280809364@gcf-admin-robot.iam.gserviceaccount.com&Expires=1705841444&Signature=T7GOp%2BcPNC83yHcG08F3Rz33zs70GYfQpbz2abbwagheF811r6YEr1IHADTSMEPxaN1xqczW2A7L2WkP4eYb1ZA%2BOdDY90enXyIMSkGG4A1ZMH4dbfJTCUEWV3VPhrwCLaoV71pOvApveiBuuY6LpNADH6nGbNcAlBpaE%2FdaGNrf0X9ZaFcgVKRYhM%2B1oVr6KdzMDD3cT9t4EoGt172dEMlMzNNjenD91w%2F1uIdoTXtsbJ%2BFuV5OkDiIHrseAnN%2FbboD%2F9SMv4Mxn0puNyGsA48cw8S6f%2ByjDgr3ezvGBXotqZ54xa7UwxO1LqwyzEGl9YzMXRtlU7z8HeUc58KlhQ%3D%3D","environmentVariables":{"DB_URL":"mongodb+srv://devwedeloper:zT7xqejxdQO1Jqc5@cluster0.3ox05u4.mongodb.net/projectOneDb?retryWrites=true&w=majority","MY_PORT":"3000","ALLOWED_ORIGIN":"http://localhost:4200","ALLOWED_ORIGIN_VERCEL":"https://project-one-front-end.vercel.app","ACCESS_TOKEN_SECRET":"gPkTGNrO4VdLWOn6pPUtYTnXZRH7o5dI","REFRESH_TOKEN_SECRET":"R7,@R_JRrgaQpKQVNmUV5w%q/.$*L","DB_PASSWORD":"zT7xqejxdQO1Jqc5","FIREBASE_CONFIG":"{\"projectId\":\"tactile-runway-402007\",\"storageBucket\":\"tactile-runway-402007.appspot.com\"}","GCLOUD_PROJECT":"tactile-runway-402007","EVENTARC_CLOUD_EVENT_SOURCE":"projects/tactile-runway-402007/locations/us-central1/functions/api"},"runtime":"nodejs18","buildId":"633a985e-17dc-4639-ba51-0790c48000bc","buildEnvironmentVariables":{"GOOGLE_NODE_RUN_SCRIPTS":""},"buildName":"projects/629280809364/locations/us-central1/builds/633a985e-17dc-4639-ba51-0790c48000bc","dockerRegistry":"ARTIFACT_REGISTRY","automaticUpdatePolicy":{}},"versionId":"40","updateTime":"2024-01-21T12:20:47Z","buildId":"ab47fb18-24ff-4dd5-ac32-edb43dfa5503","buildName":"projects/629280809364/locations/us-central1/builds/ab47fb18-24ff-4dd5-ac32-edb43dfa5503"}}
[debug] [2024-01-21T12:21:04.855Z] [update-default-us-central1-api] Retrying task index 0
[debug] [2024-01-21T12:21:04.856Z] >>> [apiv2][query] GET https://cloudfunctions.googleapis.com/v1/operations/dGFjdGlsZS1ydW53YXktNDAyMDA3L3VzLWNlbnRyYWwxL2FwaS92X3NyejV1YjNlTQ [none]
[debug] [2024-01-21T12:21:05.234Z] <<< [apiv2][status] GET https://cloudfunctions.googleapis.com/v1/operations/dGFjdGlsZS1ydW53YXktNDAyMDA3L3VzLWNlbnRyYWwxL2FwaS92X3NyejV1YjNlTQ 200
[debug] [2024-01-21T12:21:05.234Z] <<< [apiv2][body] GET https://cloudfunctions.googleapis.com/v1/operations/dGFjdGlsZS1ydW53YXktNDAyMDA3L3VzLWNlbnRyYWwxL2FwaS92X3NyejV1YjNlTQ {"name":"operations/dGFjdGlsZS1ydW53YXktNDAyMDA3L3VzLWNlbnRyYWwxL2FwaS92X3NyejV1YjNlTQ","metadata":{"@type":"type.googleapis.com/google.cloud.functions.v1.OperationMetadataV1","target":"projects/tactile-runway-402007/locations/us-central1/functions/api","type":"UPDATE_FUNCTION","request":{"@type":"type.googleapis.com/google.cloud.functions.v1.CloudFunction","name":"projects/tactile-runway-402007/locations/us-central1/functions/api","httpsTrigger":{"url":"https://us-central1-tactile-runway-402007.cloudfunctions.net/api","securityLevel":"SECURE_ALWAYS"},"status":"ACTIVE","entryPoint":"api","updateTime":"2024-01-21T06:05:27.489Z","versionId":"39","labels":{"deployment-tool":"cli-firebase","firebase-functions-hash":"7edaefc6822c713e75b28caaf06cd79ac031fffd"},"sourceUploadUrl":"https://storage.googleapis.com/uploads-206979342587.us-central1.cloudfunctions.appspot.com/d76c616c-1ba0-47c0-85f9-2ee86819e737.zip?GoogleAccessId=service-629280809364@gcf-admin-robot.iam.gserviceaccount.com&Expires=1705841444&Signature=T7GOp%2BcPNC83yHcG08F3Rz33zs70GYfQpbz2abbwagheF811r6YEr1IHADTSMEPxaN1xqczW2A7L2WkP4eYb1ZA%2BOdDY90enXyIMSkGG4A1ZMH4dbfJTCUEWV3VPhrwCLaoV71pOvApveiBuuY6LpNADH6nGbNcAlBpaE%2FdaGNrf0X9ZaFcgVKRYhM%2B1oVr6KdzMDD3cT9t4EoGt172dEMlMzNNjenD91w%2F1uIdoTXtsbJ%2BFuV5OkDiIHrseAnN%2FbboD%2F9SMv4Mxn0puNyGsA48cw8S6f%2ByjDgr3ezvGBXotqZ54xa7UwxO1LqwyzEGl9YzMXRtlU7z8HeUc58KlhQ%3D%3D","environmentVariables":{"DB_URL":"mongodb+srv://devwedeloper:zT7xqejxdQO1Jqc5@cluster0.3ox05u4.mongodb.net/projectOneDb?retryWrites=true&w=majority","MY_PORT":"3000","ALLOWED_ORIGIN":"http://localhost:4200","ALLOWED_ORIGIN_VERCEL":"https://project-one-front-end.vercel.app","ACCESS_TOKEN_SECRET":"gPkTGNrO4VdLWOn6pPUtYTnXZRH7o5dI","REFRESH_TOKEN_SECRET":"R7,@R_JRrgaQpKQVNmUV5w%q/.$*L","DB_PASSWORD":"zT7xqejxdQO1Jqc5","FIREBASE_CONFIG":"{\"projectId\":\"tactile-runway-402007\",\"storageBucket\":\"tactile-runway-402007.appspot.com\"}","GCLOUD_PROJECT":"tactile-runway-402007","EVENTARC_CLOUD_EVENT_SOURCE":"projects/tactile-runway-402007/locations/us-central1/functions/api"},"runtime":"nodejs18","buildId":"633a985e-17dc-4639-ba51-0790c48000bc","buildEnvironmentVariables":{"GOOGLE_NODE_RUN_SCRIPTS":""},"buildName":"projects/629280809364/locations/us-central1/builds/633a985e-17dc-4639-ba51-0790c48000bc","dockerRegistry":"ARTIFACT_REGISTRY","automaticUpdatePolicy":{}},"versionId":"40","updateTime":"2024-01-21T12:20:47Z","buildId":"ab47fb18-24ff-4dd5-ac32-edb43dfa5503","buildName":"projects/629280809364/locations/us-central1/builds/ab47fb18-24ff-4dd5-ac32-edb43dfa5503"}}
[debug] [2024-01-21T12:21:15.249Z] [update-default-us-central1-api] Retrying task index 0
[debug] [2024-01-21T12:21:15.250Z] >>> [apiv2][query] GET https://cloudfunctions.googleapis.com/v1/operations/dGFjdGlsZS1ydW53YXktNDAyMDA3L3VzLWNlbnRyYWwxL2FwaS92X3NyejV1YjNlTQ [none]
[debug] [2024-01-21T12:21:15.704Z] <<< [apiv2][status] GET https://cloudfunctions.googleapis.com/v1/operations/dGFjdGlsZS1ydW53YXktNDAyMDA3L3VzLWNlbnRyYWwxL2FwaS92X3NyejV1YjNlTQ 200
[debug] [2024-01-21T12:21:15.704Z] <<< [apiv2][body] GET https://cloudfunctions.googleapis.com/v1/operations/dGFjdGlsZS1ydW53YXktNDAyMDA3L3VzLWNlbnRyYWwxL2FwaS92X3NyejV1YjNlTQ {"name":"operations/dGFjdGlsZS1ydW53YXktNDAyMDA3L3VzLWNlbnRyYWwxL2FwaS92X3NyejV1YjNlTQ","metadata":{"@type":"type.googleapis.com/google.cloud.functions.v1.OperationMetadataV1","target":"projects/tactile-runway-402007/locations/us-central1/functions/api","type":"UPDATE_FUNCTION","request":{"@type":"type.googleapis.com/google.cloud.functions.v1.CloudFunction","name":"projects/tactile-runway-402007/locations/us-central1/functions/api","httpsTrigger":{"url":"https://us-central1-tactile-runway-402007.cloudfunctions.net/api","securityLevel":"SECURE_ALWAYS"},"status":"ACTIVE","entryPoint":"api","updateTime":"2024-01-21T06:05:27.489Z","versionId":"39","labels":{"deployment-tool":"cli-firebase","firebase-functions-hash":"7edaefc6822c713e75b28caaf06cd79ac031fffd"},"sourceUploadUrl":"https://storage.googleapis.com/uploads-206979342587.us-central1.cloudfunctions.appspot.com/d76c616c-1ba0-47c0-85f9-2ee86819e737.zip?GoogleAccessId=service-629280809364@gcf-admin-robot.iam.gserviceaccount.com&Expires=1705841444&Signature=T7GOp%2BcPNC83yHcG08F3Rz33zs70GYfQpbz2abbwagheF811r6YEr1IHADTSMEPxaN1xqczW2A7L2WkP4eYb1ZA%2BOdDY90enXyIMSkGG4A1ZMH4dbfJTCUEWV3VPhrwCLaoV71pOvApveiBuuY6LpNADH6nGbNcAlBpaE%2FdaGNrf0X9ZaFcgVKRYhM%2B1oVr6KdzMDD3cT9t4EoGt172dEMlMzNNjenD91w%2F1uIdoTXtsbJ%2BFuV5OkDiIHrseAnN%2FbboD%2F9SMv4Mxn0puNyGsA48cw8S6f%2ByjDgr3ezvGBXotqZ54xa7UwxO1LqwyzEGl9YzMXRtlU7z8HeUc58KlhQ%3D%3D","environmentVariables":{"DB_URL":"mongodb+srv://devwedeloper:zT7xqejxdQO1Jqc5@cluster0.3ox05u4.mongodb.net/projectOneDb?retryWrites=true&w=majority","MY_PORT":"3000","ALLOWED_ORIGIN":"http://localhost:4200","ALLOWED_ORIGIN_VERCEL":"https://project-one-front-end.vercel.app","ACCESS_TOKEN_SECRET":"gPkTGNrO4VdLWOn6pPUtYTnXZRH7o5dI","REFRESH_TOKEN_SECRET":"R7,@R_JRrgaQpKQVNmUV5w%q/.$*L","DB_PASSWORD":"zT7xqejxdQO1Jqc5","FIREBASE_CONFIG":"{\"projectId\":\"tactile-runway-402007\",\"storageBucket\":\"tactile-runway-402007.appspot.com\"}","GCLOUD_PROJECT":"tactile-runway-402007","EVENTARC_CLOUD_EVENT_SOURCE":"projects/tactile-runway-402007/locations/us-central1/functions/api"},"runtime":"nodejs18","buildId":"633a985e-17dc-4639-ba51-0790c48000bc","buildEnvironmentVariables":{"GOOGLE_NODE_RUN_SCRIPTS":""},"buildName":"projects/629280809364/locations/us-central1/builds/633a985e-17dc-4639-ba51-0790c48000bc","dockerRegistry":"ARTIFACT_REGISTRY","automaticUpdatePolicy":{}},"versionId":"40","updateTime":"2024-01-21T12:20:47Z","buildId":"ab47fb18-24ff-4dd5-ac32-edb43dfa5503","buildName":"projects/629280809364/locations/us-central1/builds/ab47fb18-24ff-4dd5-ac32-edb43dfa5503"}}
[debug] [2024-01-21T12:21:25.718Z] [update-default-us-central1-api] Retrying task index 0
[debug] [2024-01-21T12:21:25.718Z] >>> [apiv2][query] GET https://cloudfunctions.googleapis.com/v1/operations/dGFjdGlsZS1ydW53YXktNDAyMDA3L3VzLWNlbnRyYWwxL2FwaS92X3NyejV1YjNlTQ [none]
[debug] [2024-01-21T12:21:26.162Z] <<< [apiv2][status] GET https://cloudfunctions.googleapis.com/v1/operations/dGFjdGlsZS1ydW53YXktNDAyMDA3L3VzLWNlbnRyYWwxL2FwaS92X3NyejV1YjNlTQ 200
[debug] [2024-01-21T12:21:26.162Z] <<< [apiv2][body] GET https://cloudfunctions.googleapis.com/v1/operations/dGFjdGlsZS1ydW53YXktNDAyMDA3L3VzLWNlbnRyYWwxL2FwaS92X3NyejV1YjNlTQ {"name":"operations/dGFjdGlsZS1ydW53YXktNDAyMDA3L3VzLWNlbnRyYWwxL2FwaS92X3NyejV1YjNlTQ","metadata":{"@type":"type.googleapis.com/google.cloud.functions.v1.OperationMetadataV1","target":"projects/tactile-runway-402007/locations/us-central1/functions/api","type":"UPDATE_FUNCTION","request":{"@type":"type.googleapis.com/google.cloud.functions.v1.CloudFunction","name":"projects/tactile-runway-402007/locations/us-central1/functions/api","httpsTrigger":{"url":"https://us-central1-tactile-runway-402007.cloudfunctions.net/api","securityLevel":"SECURE_ALWAYS"},"status":"ACTIVE","entryPoint":"api","updateTime":"2024-01-21T06:05:27.489Z","versionId":"39","labels":{"deployment-tool":"cli-firebase","firebase-functions-hash":"7edaefc6822c713e75b28caaf06cd79ac031fffd"},"sourceUploadUrl":"https://storage.googleapis.com/uploads-206979342587.us-central1.cloudfunctions.appspot.com/d76c616c-1ba0-47c0-85f9-2ee86819e737.zip?GoogleAccessId=service-629280809364@gcf-admin-robot.iam.gserviceaccount.com&Expires=1705841444&Signature=T7GOp%2BcPNC83yHcG08F3Rz33zs70GYfQpbz2abbwagheF811r6YEr1IHADTSMEPxaN1xqczW2A7L2WkP4eYb1ZA%2BOdDY90enXyIMSkGG4A1ZMH4dbfJTCUEWV3VPhrwCLaoV71pOvApveiBuuY6LpNADH6nGbNcAlBpaE%2FdaGNrf0X9ZaFcgVKRYhM%2B1oVr6KdzMDD3cT9t4EoGt172dEMlMzNNjenD91w%2F1uIdoTXtsbJ%2BFuV5OkDiIHrseAnN%2FbboD%2F9SMv4Mxn0puNyGsA48cw8S6f%2ByjDgr3ezvGBXotqZ54xa7UwxO1LqwyzEGl9YzMXRtlU7z8HeUc58KlhQ%3D%3D","environmentVariables":{"DB_URL":"mongodb+srv://devwedeloper:zT7xqejxdQO1Jqc5@cluster0.3ox05u4.mongodb.net/projectOneDb?retryWrites=true&w=majority","MY_PORT":"3000","ALLOWED_ORIGIN":"http://localhost:4200","ALLOWED_ORIGIN_VERCEL":"https://project-one-front-end.vercel.app","ACCESS_TOKEN_SECRET":"gPkTGNrO4VdLWOn6pPUtYTnXZRH7o5dI","REFRESH_TOKEN_SECRET":"R7,@R_JRrgaQpKQVNmUV5w%q/.$*L","DB_PASSWORD":"zT7xqejxdQO1Jqc5","FIREBASE_CONFIG":"{\"projectId\":\"tactile-runway-402007\",\"storageBucket\":\"tactile-runway-402007.appspot.com\"}","GCLOUD_PROJECT":"tactile-runway-402007","EVENTARC_CLOUD_EVENT_SOURCE":"projects/tactile-runway-402007/locations/us-central1/functions/api"},"runtime":"nodejs18","buildId":"633a985e-17dc-4639-ba51-0790c48000bc","buildEnvironmentVariables":{"GOOGLE_NODE_RUN_SCRIPTS":""},"buildName":"projects/629280809364/locations/us-central1/builds/633a985e-17dc-4639-ba51-0790c48000bc","dockerRegistry":"ARTIFACT_REGISTRY","automaticUpdatePolicy":{}},"versionId":"40","updateTime":"2024-01-21T12:20:47Z","buildId":"ab47fb18-24ff-4dd5-ac32-edb43dfa5503","buildName":"projects/629280809364/locations/us-central1/builds/ab47fb18-24ff-4dd5-ac32-edb43dfa5503"}}
[debug] [2024-01-21T12:21:36.173Z] [update-default-us-central1-api] Retrying task index 0
[debug] [2024-01-21T12:21:36.174Z] >>> [apiv2][query] GET https://cloudfunctions.googleapis.com/v1/operations/dGFjdGlsZS1ydW53YXktNDAyMDA3L3VzLWNlbnRyYWwxL2FwaS92X3NyejV1YjNlTQ [none]
[debug] [2024-01-21T12:21:36.608Z] <<< [apiv2][status] GET https://cloudfunctions.googleapis.com/v1/operations/dGFjdGlsZS1ydW53YXktNDAyMDA3L3VzLWNlbnRyYWwxL2FwaS92X3NyejV1YjNlTQ 200
[debug] [2024-01-21T12:21:36.609Z] <<< [apiv2][body] GET https://cloudfunctions.googleapis.com/v1/operations/dGFjdGlsZS1ydW53YXktNDAyMDA3L3VzLWNlbnRyYWwxL2FwaS92X3NyejV1YjNlTQ {"name":"operations/dGFjdGlsZS1ydW53YXktNDAyMDA3L3VzLWNlbnRyYWwxL2FwaS92X3NyejV1YjNlTQ","metadata":{"@type":"type.googleapis.com/google.cloud.functions.v1.OperationMetadataV1","target":"projects/tactile-runway-402007/locations/us-central1/functions/api","type":"UPDATE_FUNCTION","request":{"@type":"type.googleapis.com/google.cloud.functions.v1.CloudFunction","name":"projects/tactile-runway-402007/locations/us-central1/functions/api","httpsTrigger":{"url":"https://us-central1-tactile-runway-402007.cloudfunctions.net/api","securityLevel":"SECURE_ALWAYS"},"status":"ACTIVE","entryPoint":"api","updateTime":"2024-01-21T06:05:27.489Z","versionId":"39","labels":{"deployment-tool":"cli-firebase","firebase-functions-hash":"7edaefc6822c713e75b28caaf06cd79ac031fffd"},"sourceUploadUrl":"https://storage.googleapis.com/uploads-206979342587.us-central1.cloudfunctions.appspot.com/d76c616c-1ba0-47c0-85f9-2ee86819e737.zip?GoogleAccessId=service-629280809364@gcf-admin-robot.iam.gserviceaccount.com&Expires=1705841444&Signature=T7GOp%2BcPNC83yHcG08F3Rz33zs70GYfQpbz2abbwagheF811r6YEr1IHADTSMEPxaN1xqczW2A7L2WkP4eYb1ZA%2BOdDY90enXyIMSkGG4A1ZMH4dbfJTCUEWV3VPhrwCLaoV71pOvApveiBuuY6LpNADH6nGbNcAlBpaE%2FdaGNrf0X9ZaFcgVKRYhM%2B1oVr6KdzMDD3cT9t4EoGt172dEMlMzNNjenD91w%2F1uIdoTXtsbJ%2BFuV5OkDiIHrseAnN%2FbboD%2F9SMv4Mxn0puNyGsA48cw8S6f%2ByjDgr3ezvGBXotqZ54xa7UwxO1LqwyzEGl9YzMXRtlU7z8HeUc58KlhQ%3D%3D","environmentVariables":{"DB_URL":"mongodb+srv://devwedeloper:zT7xqejxdQO1Jqc5@cluster0.3ox05u4.mongodb.net/projectOneDb?retryWrites=true&w=majority","MY_PORT":"3000","ALLOWED_ORIGIN":"http://localhost:4200","ALLOWED_ORIGIN_VERCEL":"https://project-one-front-end.vercel.app","ACCESS_TOKEN_SECRET":"gPkTGNrO4VdLWOn6pPUtYTnXZRH7o5dI","REFRESH_TOKEN_SECRET":"R7,@R_JRrgaQpKQVNmUV5w%q/.$*L","DB_PASSWORD":"zT7xqejxdQO1Jqc5","FIREBASE_CONFIG":"{\"projectId\":\"tactile-runway-402007\",\"storageBucket\":\"tactile-runway-402007.appspot.com\"}","GCLOUD_PROJECT":"tactile-runway-402007","EVENTARC_CLOUD_EVENT_SOURCE":"projects/tactile-runway-402007/locations/us-central1/functions/api"},"runtime":"nodejs18","buildId":"633a985e-17dc-4639-ba51-0790c48000bc","buildEnvironmentVariables":{"GOOGLE_NODE_RUN_SCRIPTS":""},"buildName":"projects/629280809364/locations/us-central1/builds/633a985e-17dc-4639-ba51-0790c48000bc","dockerRegistry":"ARTIFACT_REGISTRY","automaticUpdatePolicy":{}},"versionId":"40","updateTime":"2024-01-21T12:20:47Z","buildId":"ab47fb18-24ff-4dd5-ac32-edb43dfa5503","sourceToken":"6c1d1854-9cf2-4868-b6d0-357e657e6e97","buildName":"projects/629280809364/locations/us-central1/builds/ab47fb18-24ff-4dd5-ac32-edb43dfa5503"}}
[debug] [2024-01-21T12:21:36.609Z] Got source token 6c1d1854-9cf2-4868-b6d0-357e657e6e97 for region us-central1
[debug] [2024-01-21T12:21:46.624Z] [update-default-us-central1-api] Retrying task index 0
[debug] [2024-01-21T12:21:46.625Z] >>> [apiv2][query] GET https://cloudfunctions.googleapis.com/v1/operations/dGFjdGlsZS1ydW53YXktNDAyMDA3L3VzLWNlbnRyYWwxL2FwaS92X3NyejV1YjNlTQ [none]
[debug] [2024-01-21T12:21:47.019Z] <<< [apiv2][status] GET https://cloudfunctions.googleapis.com/v1/operations/dGFjdGlsZS1ydW53YXktNDAyMDA3L3VzLWNlbnRyYWwxL2FwaS92X3NyejV1YjNlTQ 200
[debug] [2024-01-21T12:21:47.020Z] <<< [apiv2][body] GET https://cloudfunctions.googleapis.com/v1/operations/dGFjdGlsZS1ydW53YXktNDAyMDA3L3VzLWNlbnRyYWwxL2FwaS92X3NyejV1YjNlTQ {"name":"operations/dGFjdGlsZS1ydW53YXktNDAyMDA3L3VzLWNlbnRyYWwxL2FwaS92X3NyejV1YjNlTQ","metadata":{"@type":"type.googleapis.com/google.cloud.functions.v1.OperationMetadataV1","target":"projects/tactile-runway-402007/locations/us-central1/functions/api","type":"UPDATE_FUNCTION","request":{"@type":"type.googleapis.com/google.cloud.functions.v1.CloudFunction","name":"projects/tactile-runway-402007/locations/us-central1/functions/api","httpsTrigger":{"url":"https://us-central1-tactile-runway-402007.cloudfunctions.net/api","securityLevel":"SECURE_ALWAYS"},"status":"ACTIVE","entryPoint":"api","updateTime":"2024-01-21T06:05:27.489Z","versionId":"39","labels":{"deployment-tool":"cli-firebase","firebase-functions-hash":"7edaefc6822c713e75b28caaf06cd79ac031fffd"},"sourceUploadUrl":"https://storage.googleapis.com/uploads-206979342587.us-central1.cloudfunctions.appspot.com/d76c616c-1ba0-47c0-85f9-2ee86819e737.zip?GoogleAccessId=service-629280809364@gcf-admin-robot.iam.gserviceaccount.com&Expires=1705841444&Signature=T7GOp%2BcPNC83yHcG08F3Rz33zs70GYfQpbz2abbwagheF811r6YEr1IHADTSMEPxaN1xqczW2A7L2WkP4eYb1ZA%2BOdDY90enXyIMSkGG4A1ZMH4dbfJTCUEWV3VPhrwCLaoV71pOvApveiBuuY6LpNADH6nGbNcAlBpaE%2FdaGNrf0X9ZaFcgVKRYhM%2B1oVr6KdzMDD3cT9t4EoGt172dEMlMzNNjenD91w%2F1uIdoTXtsbJ%2BFuV5OkDiIHrseAnN%2FbboD%2F9SMv4Mxn0puNyGsA48cw8S6f%2ByjDgr3ezvGBXotqZ54xa7UwxO1LqwyzEGl9YzMXRtlU7z8HeUc58KlhQ%3D%3D","environmentVariables":{"DB_URL":"mongodb+srv://devwedeloper:zT7xqejxdQO1Jqc5@cluster0.3ox05u4.mongodb.net/projectOneDb?retryWrites=true&w=majority","MY_PORT":"3000","ALLOWED_ORIGIN":"http://localhost:4200","ALLOWED_ORIGIN_VERCEL":"https://project-one-front-end.vercel.app","ACCESS_TOKEN_SECRET":"gPkTGNrO4VdLWOn6pPUtYTnXZRH7o5dI","REFRESH_TOKEN_SECRET":"R7,@R_JRrgaQpKQVNmUV5w%q/.$*L","DB_PASSWORD":"zT7xqejxdQO1Jqc5","FIREBASE_CONFIG":"{\"projectId\":\"tactile-runway-402007\",\"storageBucket\":\"tactile-runway-402007.appspot.com\"}","GCLOUD_PROJECT":"tactile-runway-402007","EVENTARC_CLOUD_EVENT_SOURCE":"projects/tactile-runway-402007/locations/us-central1/functions/api"},"runtime":"nodejs18","buildId":"633a985e-17dc-4639-ba51-0790c48000bc","buildEnvironmentVariables":{"GOOGLE_NODE_RUN_SCRIPTS":""},"buildName":"projects/629280809364/locations/us-central1/builds/633a985e-17dc-4639-ba51-0790c48000bc","dockerRegistry":"ARTIFACT_REGISTRY","automaticUpdatePolicy":{}},"versionId":"40","updateTime":"2024-01-21T12:20:47Z","buildId":"ab47fb18-24ff-4dd5-ac32-edb43dfa5503","sourceToken":"6c1d1854-9cf2-4868-b6d0-357e657e6e97","buildName":"projects/629280809364/locations/us-central1/builds/ab47fb18-24ff-4dd5-ac32-edb43dfa5503"}}
[debug] [2024-01-21T12:21:47.020Z] Got source token 6c1d1854-9cf2-4868-b6d0-357e657e6e97 for region us-central1
[debug] [2024-01-21T12:21:57.028Z] [update-default-us-central1-api] Retrying task index 0
[debug] [2024-01-21T12:21:57.029Z] >>> [apiv2][query] GET https://cloudfunctions.googleapis.com/v1/operations/dGFjdGlsZS1ydW53YXktNDAyMDA3L3VzLWNlbnRyYWwxL2FwaS92X3NyejV1YjNlTQ [none]
[debug] [2024-01-21T12:21:57.439Z] <<< [apiv2][status] GET https://cloudfunctions.googleapis.com/v1/operations/dGFjdGlsZS1ydW53YXktNDAyMDA3L3VzLWNlbnRyYWwxL2FwaS92X3NyejV1YjNlTQ 200
[debug] [2024-01-21T12:21:57.439Z] <<< [apiv2][body] GET https://cloudfunctions.googleapis.com/v1/operations/dGFjdGlsZS1ydW53YXktNDAyMDA3L3VzLWNlbnRyYWwxL2FwaS92X3NyejV1YjNlTQ {"name":"operations/dGFjdGlsZS1ydW53YXktNDAyMDA3L3VzLWNlbnRyYWwxL2FwaS92X3NyejV1YjNlTQ","metadata":{"@type":"type.googleapis.com/google.cloud.functions.v1.OperationMetadataV1","target":"projects/tactile-runway-402007/locations/us-central1/functions/api","type":"UPDATE_FUNCTION","request":{"@type":"type.googleapis.com/google.cloud.functions.v1.CloudFunction","name":"projects/tactile-runway-402007/locations/us-central1/functions/api","httpsTrigger":{"url":"https://us-central1-tactile-runway-402007.cloudfunctions.net/api","securityLevel":"SECURE_ALWAYS"},"status":"ACTIVE","entryPoint":"api","updateTime":"2024-01-21T06:05:27.489Z","versionId":"39","labels":{"deployment-tool":"cli-firebase","firebase-functions-hash":"7edaefc6822c713e75b28caaf06cd79ac031fffd"},"sourceUploadUrl":"https://storage.googleapis.com/uploads-206979342587.us-central1.cloudfunctions.appspot.com/d76c616c-1ba0-47c0-85f9-2ee86819e737.zip?GoogleAccessId=service-629280809364@gcf-admin-robot.iam.gserviceaccount.com&Expires=1705841444&Signature=T7GOp%2BcPNC83yHcG08F3Rz33zs70GYfQpbz2abbwagheF811r6YEr1IHADTSMEPxaN1xqczW2A7L2WkP4eYb1ZA%2BOdDY90enXyIMSkGG4A1ZMH4dbfJTCUEWV3VPhrwCLaoV71pOvApveiBuuY6LpNADH6nGbNcAlBpaE%2FdaGNrf0X9ZaFcgVKRYhM%2B1oVr6KdzMDD3cT9t4EoGt172dEMlMzNNjenD91w%2F1uIdoTXtsbJ%2BFuV5OkDiIHrseAnN%2FbboD%2F9SMv4Mxn0puNyGsA48cw8S6f%2ByjDgr3ezvGBXotqZ54xa7UwxO1LqwyzEGl9YzMXRtlU7z8HeUc58KlhQ%3D%3D","environmentVariables":{"DB_URL":"mongodb+srv://devwedeloper:zT7xqejxdQO1Jqc5@cluster0.3ox05u4.mongodb.net/projectOneDb?retryWrites=true&w=majority","MY_PORT":"3000","ALLOWED_ORIGIN":"http://localhost:4200","ALLOWED_ORIGIN_VERCEL":"https://project-one-front-end.vercel.app","ACCESS_TOKEN_SECRET":"gPkTGNrO4VdLWOn6pPUtYTnXZRH7o5dI","REFRESH_TOKEN_SECRET":"R7,@R_JRrgaQpKQVNmUV5w%q/.$*L","DB_PASSWORD":"zT7xqejxdQO1Jqc5","FIREBASE_CONFIG":"{\"projectId\":\"tactile-runway-402007\",\"storageBucket\":\"tactile-runway-402007.appspot.com\"}","GCLOUD_PROJECT":"tactile-runway-402007","EVENTARC_CLOUD_EVENT_SOURCE":"projects/tactile-runway-402007/locations/us-central1/functions/api"},"runtime":"nodejs18","buildId":"633a985e-17dc-4639-ba51-0790c48000bc","buildEnvironmentVariables":{"GOOGLE_NODE_RUN_SCRIPTS":""},"buildName":"projects/629280809364/locations/us-central1/builds/633a985e-17dc-4639-ba51-0790c48000bc","dockerRegistry":"ARTIFACT_REGISTRY","automaticUpdatePolicy":{}},"versionId":"40","updateTime":"2024-01-21T12:20:47Z","buildId":"ab47fb18-24ff-4dd5-ac32-edb43dfa5503","sourceToken":"6c1d1854-9cf2-4868-b6d0-357e657e6e97","buildName":"projects/629280809364/locations/us-central1/builds/ab47fb18-24ff-4dd5-ac32-edb43dfa5503"}}
[debug] [2024-01-21T12:21:57.439Z] Got source token 6c1d1854-9cf2-4868-b6d0-357e657e6e97 for region us-central1
[debug] [2024-01-21T12:22:53.148Z] ----------------------------------------------------------------------
[debug] [2024-01-21T12:22:53.151Z] Command:       C:\Program Files\nodejs\node.exe C:\Users\ACER N5\AppData\Roaming\npm\node_modules\firebase-tools\lib\bin\firebase.js deploy --only functions
[debug] [2024-01-21T12:22:53.151Z] CLI Version:   13.0.3
[debug] [2024-01-21T12:22:53.151Z] Platform:      win32
[debug] [2024-01-21T12:22:53.151Z] Node Version:  v20.10.0
[debug] [2024-01-21T12:22:53.151Z] Time:          Sun Jan 21 2024 20:22:53 GMT+0800 (China Standard Time)
[debug] [2024-01-21T12:22:53.152Z] ----------------------------------------------------------------------
[debug] 
[debug] [2024-01-21T12:22:53.227Z] > command requires scopes: ["email","openid","https://www.googleapis.com/auth/cloudplatformprojects.readonly","https://www.googleapis.com/auth/firebase","https://www.googleapis.com/auth/cloud-platform"]
[debug] [2024-01-21T12:22:53.227Z] > authorizing via signed-in user (vicnathangabrielle@gmail.com)
[debug] [2024-01-21T12:22:53.228Z] [iam] checking project tactile-runway-402007 for permissions ["cloudfunctions.functions.create","cloudfunctions.functions.delete","cloudfunctions.functions.get","cloudfunctions.functions.list","cloudfunctions.functions.update","cloudfunctions.operations.get","firebase.projects.get"]
[debug] [2024-01-21T12:22:53.230Z] >>> [apiv2][query] POST https://cloudresourcemanager.googleapis.com/v1/projects/tactile-runway-402007:testIamPermissions [none]
[debug] [2024-01-21T12:22:53.230Z] >>> [apiv2][(partial)header] POST https://cloudresourcemanager.googleapis.com/v1/projects/tactile-runway-402007:testIamPermissions x-goog-quota-user=projects/tactile-runway-402007
[debug] [2024-01-21T12:22:53.230Z] >>> [apiv2][body] POST https://cloudresourcemanager.googleapis.com/v1/projects/tactile-runway-402007:testIamPermissions {"permissions":["cloudfunctions.functions.create","cloudfunctions.functions.delete","cloudfunctions.functions.get","cloudfunctions.functions.list","cloudfunctions.functions.update","cloudfunctions.operations.get","firebase.projects.get"]}
[debug] [2024-01-21T12:22:54.149Z] <<< [apiv2][status] POST https://cloudresourcemanager.googleapis.com/v1/projects/tactile-runway-402007:testIamPermissions 200
[debug] [2024-01-21T12:22:54.149Z] <<< [apiv2][body] POST https://cloudresourcemanager.googleapis.com/v1/projects/tactile-runway-402007:testIamPermissions {"permissions":["cloudfunctions.functions.create","cloudfunctions.functions.delete","cloudfunctions.functions.get","cloudfunctions.functions.list","cloudfunctions.functions.update","cloudfunctions.operations.get","firebase.projects.get"]}
[debug] [2024-01-21T12:22:54.150Z] >>> [apiv2][query] POST https://iam.googleapis.com/v1/projects/tactile-runway-402007/serviceAccounts/tactile-runway-402007@appspot.gserviceaccount.com:testIamPermissions [none]
[debug] [2024-01-21T12:22:54.150Z] >>> [apiv2][body] POST https://iam.googleapis.com/v1/projects/tactile-runway-402007/serviceAccounts/tactile-runway-402007@appspot.gserviceaccount.com:testIamPermissions {"permissions":["iam.serviceAccounts.actAs"]}
[debug] [2024-01-21T12:22:55.240Z] <<< [apiv2][status] POST https://iam.googleapis.com/v1/projects/tactile-runway-402007/serviceAccounts/tactile-runway-402007@appspot.gserviceaccount.com:testIamPermissions 200
[debug] [2024-01-21T12:22:55.240Z] <<< [apiv2][body] POST https://iam.googleapis.com/v1/projects/tactile-runway-402007/serviceAccounts/tactile-runway-402007@appspot.gserviceaccount.com:testIamPermissions {"permissions":["iam.serviceAccounts.actAs"]}
[info] 
[info] === Deploying to 'tactile-runway-402007'...
[info] 
[info] i  deploying functions 
[info] Running command: npm --prefix "$RESOURCE_DIR" run build
[info] +  functions: Finished running predeploy script. 
[debug] [2024-01-21T12:23:04.807Z] >>> [apiv2][query] GET https://firebase.googleapis.com/v1beta1/projects/tactile-runway-402007 [none]
[debug] [2024-01-21T12:23:05.403Z] <<< [apiv2][status] GET https://firebase.googleapis.com/v1beta1/projects/tactile-runway-402007 200
[debug] [2024-01-21T12:23:05.403Z] <<< [apiv2][body] GET https://firebase.googleapis.com/v1beta1/projects/tactile-runway-402007 {"projectId":"tactile-runway-402007","projectNumber":"629280809364","displayName":"projectOneBackEnd","name":"projects/tactile-runway-402007","resources":{"hostingSite":"tactile-runway-402007"},"state":"ACTIVE","etag":"1_ac90a643-c81e-4e2d-ad2f-3d9cf667a4ae"}
[info] i  functions: preparing codebase default for deployment 
[info] i  functions: ensuring required API cloudfunctions.googleapis.com is enabled... 
[info] i  functions: ensuring required API cloudbuild.googleapis.com is enabled... 
[info] i  artifactregistry: ensuring required API artifactregistry.googleapis.com is enabled... 
[debug] [2024-01-21T12:23:05.409Z] >>> [apiv2][query] GET https://serviceusage.googleapis.com/v1/projects/tactile-runway-402007/services/cloudfunctions.googleapis.com [none]
[debug] [2024-01-21T12:23:05.409Z] >>> [apiv2][(partial)header] GET https://serviceusage.googleapis.com/v1/projects/tactile-runway-402007/services/cloudfunctions.googleapis.com x-goog-quota-user=projects/tactile-runway-402007
[debug] [2024-01-21T12:23:05.411Z] >>> [apiv2][query] GET https://serviceusage.googleapis.com/v1/projects/tactile-runway-402007/services/runtimeconfig.googleapis.com [none]
[debug] [2024-01-21T12:23:05.412Z] >>> [apiv2][(partial)header] GET https://serviceusage.googleapis.com/v1/projects/tactile-runway-402007/services/runtimeconfig.googleapis.com x-goog-quota-user=projects/tactile-runway-402007
[debug] [2024-01-21T12:23:05.413Z] >>> [apiv2][query] GET https://serviceusage.googleapis.com/v1/projects/tactile-runway-402007/services/cloudbuild.googleapis.com [none]
[debug] [2024-01-21T12:23:05.413Z] >>> [apiv2][(partial)header] GET https://serviceusage.googleapis.com/v1/projects/tactile-runway-402007/services/cloudbuild.googleapis.com x-goog-quota-user=projects/tactile-runway-402007
[debug] [2024-01-21T12:23:05.415Z] >>> [apiv2][query] GET https://serviceusage.googleapis.com/v1/projects/tactile-runway-402007/services/artifactregistry.googleapis.com [none]
[debug] [2024-01-21T12:23:05.415Z] >>> [apiv2][(partial)header] GET https://serviceusage.googleapis.com/v1/projects/tactile-runway-402007/services/artifactregistry.googleapis.com x-goog-quota-user=projects/tactile-runway-402007
[debug] [2024-01-21T12:23:06.600Z] <<< [apiv2][status] GET https://serviceusage.googleapis.com/v1/projects/tactile-runway-402007/services/cloudbuild.googleapis.com 200
[debug] [2024-01-21T12:23:06.600Z] <<< [apiv2][body] GET https://serviceusage.googleapis.com/v1/projects/tactile-runway-402007/services/cloudbuild.googleapis.com [omitted]
[info] +  functions: required API cloudbuild.googleapis.com is enabled 
[debug] [2024-01-21T12:23:06.602Z] <<< [apiv2][status] GET https://serviceusage.googleapis.com/v1/projects/tactile-runway-402007/services/cloudfunctions.googleapis.com 200
[debug] [2024-01-21T12:23:06.603Z] <<< [apiv2][body] GET https://serviceusage.googleapis.com/v1/projects/tactile-runway-402007/services/cloudfunctions.googleapis.com [omitted]
[info] +  functions: required API cloudfunctions.googleapis.com is enabled 
[debug] [2024-01-21T12:23:06.606Z] <<< [apiv2][status] GET https://serviceusage.googleapis.com/v1/projects/tactile-runway-402007/services/artifactregistry.googleapis.com 200
[debug] [2024-01-21T12:23:06.606Z] <<< [apiv2][body] GET https://serviceusage.googleapis.com/v1/projects/tactile-runway-402007/services/artifactregistry.googleapis.com [omitted]
[info] +  artifactregistry: required API artifactregistry.googleapis.com is enabled 
[debug] [2024-01-21T12:23:06.620Z] <<< [apiv2][status] GET https://serviceusage.googleapis.com/v1/projects/tactile-runway-402007/services/runtimeconfig.googleapis.com 200
[debug] [2024-01-21T12:23:06.621Z] <<< [apiv2][body] GET https://serviceusage.googleapis.com/v1/projects/tactile-runway-402007/services/runtimeconfig.googleapis.com [omitted]
[debug] [2024-01-21T12:23:06.621Z] >>> [apiv2][query] GET https://firebase.googleapis.com/v1beta1/projects/tactile-runway-402007/adminSdkConfig [none]
[debug] [2024-01-21T12:23:07.187Z] <<< [apiv2][status] GET https://firebase.googleapis.com/v1beta1/projects/tactile-runway-402007/adminSdkConfig 200
[debug] [2024-01-21T12:23:07.187Z] <<< [apiv2][body] GET https://firebase.googleapis.com/v1beta1/projects/tactile-runway-402007/adminSdkConfig {"projectId":"tactile-runway-402007","storageBucket":"tactile-runway-402007.appspot.com"}
[debug] [2024-01-21T12:23:07.187Z] >>> [apiv2][query] GET https://runtimeconfig.googleapis.com/v1beta1/projects/tactile-runway-402007/configs [none]
[debug] [2024-01-21T12:23:07.576Z] <<< [apiv2][status] GET https://runtimeconfig.googleapis.com/v1beta1/projects/tactile-runway-402007/configs 200
[debug] [2024-01-21T12:23:07.576Z] <<< [apiv2][body] GET https://runtimeconfig.googleapis.com/v1beta1/projects/tactile-runway-402007/configs {}
[debug] [2024-01-21T12:23:07.578Z] Validating nodejs source
[debug] [2024-01-21T12:23:09.845Z] > [functions] package.json contents: {
  "name": "functions",
  "scripts": {
    "build": "tsc",
    "build:watch": "tsc --watch",
    "serve": "npm run build && firebase emulators:start --only functions",
    "shell": "npm run build && firebase functions:shell",
    "start": "set NODE_ENV=dev&& nodemon --exec ts-node src/index.ts",
    "deploy": "firebase deploy --only functions",
    "logs": "firebase functions:log"
  },
  "engines": {
    "node": "18"
  },
  "main": "lib/index.js",
  "dependencies": {
    "@google-cloud/functions-framework": "^3.3.0",
    "bcrypt": "^5.1.0",
    "cookie-parser": "^1.4.6",
    "cors": "^2.8.5",
    "dotenv": "^16.3.1",
    "express": "^4.18.2",
    "express-mongo-sanitize": "^2.2.0",
    "firebase-admin": "^11.8.0",
    "firebase-functions": "^4.6.0",
    "jsonwebtoken": "^9.0.1",
    "mongoose": "^7.4.1"
  },
  "devDependencies": {
    "@types/bcrypt": "^5.0.0",
    "@types/cookie-parser": "^1.4.6",
    "@types/express": "^4.17.17",
    "@types/jest": "^29.5.11",
    "@types/jsonwebtoken": "^9.0.2",
    "@typescript-eslint/eslint-plugin": "^6.8.0",
    "@typescript-eslint/parser": "^6.8.0",
    "eslint": "^8.51.0",
    "eslint-config-prettier": "^9.1.0",
    "eslint-plugin-import": "^2.28.1",
    "firebase-functions-test": "^3.1.0",
    "jest": "^29.7.0",
    "nodemon": "^3.0.1",
    "prettier": "^3.2.4",
    "ts-jest": "^29.1.1",
    "ts-node": "^10.9.1",
    "typescript": "^4.9.0",
    "unique-username-generator": "^1.2.0"
  },
  "private": true
}
[debug] [2024-01-21T12:23:09.846Z] Building nodejs source
[info] i  functions: Loading and analyzing source code for codebase default to determine what to deploy 
[debug] [2024-01-21T12:23:09.848Z] Could not find functions.yaml. Must use http discovery
[debug] [2024-01-21T12:23:09.863Z] Found firebase-functions binary at 'C:\GitHub\projectOneBackEnd\functions\node_modules\.bin\firebase-functions'
[info] Serving at port 8997

[debug] [2024-01-21T12:23:11.290Z] Got response from /__/functions.yaml {"endpoints":{"api":{"platform":"gcfv1","availableMemoryMb":null,"timeoutSeconds":null,"minInstances":null,"maxInstances":null,"ingressSettings":null,"serviceAccountEmail":null,"vpc":null,"httpsTrigger":{},"entryPoint":"api"}},"specVersion":"v1alpha1","requiredAPIs":[]}
[info] DB connected
DB connected
DB connected

[info] DB connected

[info] i  functions: Loaded environment variables from .env, .env.prod. 
[info] i  functions: preparing functions directory for uploading... 
[info] i  functions: packaged C:\GitHub\projectOneBackEnd\functions (331.39 KB) for uploading 
[debug] [2024-01-21T12:23:21.923Z] >>> [apiv2][query] GET https://cloudfunctions.googleapis.com/v1/projects/tactile-runway-402007/locations/-/functions [none]
[debug] [2024-01-21T12:23:22.537Z] <<< [apiv2][status] GET https://cloudfunctions.googleapis.com/v1/projects/tactile-runway-402007/locations/-/functions 200
[debug] [2024-01-21T12:23:22.537Z] <<< [apiv2][body] GET https://cloudfunctions.googleapis.com/v1/projects/tactile-runway-402007/locations/-/functions {"functions":[{"name":"projects/tactile-runway-402007/locations/us-central1/functions/api","httpsTrigger":{"url":"https://us-central1-tactile-runway-402007.cloudfunctions.net/api","securityLevel":"SECURE_ALWAYS"},"status":"ACTIVE","entryPoint":"api","timeout":"60s","availableMemoryMb":256,"serviceAccountEmail":"tactile-runway-402007@appspot.gserviceaccount.com","updateTime":"2024-01-21T12:21:58.312Z","versionId":"40","labels":{"deployment-tool":"cli-firebase","firebase-functions-hash":"7edaefc6822c713e75b28caaf06cd79ac031fffd"},"sourceUploadUrl":"https://storage.googleapis.com/uploads-206979342587.us-central1.cloudfunctions.appspot.com/d76c616c-1ba0-47c0-85f9-2ee86819e737.zip","environmentVariables":{"DB_URL":"mongodb+srv://devwedeloper:zT7xqejxdQO1Jqc5@cluster0.3ox05u4.mongodb.net/projectOneDb?retryWrites=true&w=majority","MY_PORT":"3000","ALLOWED_ORIGIN":"http://localhost:4200","ALLOWED_ORIGIN_VERCEL":"https://project-one-front-end.vercel.app","ACCESS_TOKEN_SECRET":"gPkTGNrO4VdLWOn6pPUtYTnXZRH7o5dI","REFRESH_TOKEN_SECRET":"R7,@R_JRrgaQpKQVNmUV5w%q/.$*L","DB_PASSWORD":"zT7xqejxdQO1Jqc5","FIREBASE_CONFIG":"{\"projectId\":\"tactile-runway-402007\",\"storageBucket\":\"tactile-runway-402007.appspot.com\"}","GCLOUD_PROJECT":"tactile-runway-402007","EVENTARC_CLOUD_EVENT_SOURCE":"projects/tactile-runway-402007/locations/us-central1/functions/api"},"runtime":"nodejs18","ingressSettings":"ALLOW_ALL","buildId":"ab47fb18-24ff-4dd5-ac32-edb43dfa5503","buildEnvironmentVariables":{"GOOGLE_NODE_RUN_SCRIPTS":""},"buildName":"projects/629280809364/locations/us-central1/builds/ab47fb18-24ff-4dd5-ac32-edb43dfa5503","dockerRegistry":"ARTIFACT_REGISTRY","automaticUpdatePolicy":{}}]}
[debug] [2024-01-21T12:23:22.538Z] >>> [apiv2][query] GET https://cloudfunctions.googleapis.com/v2/projects/tactile-runway-402007/locations/-/functions filter=environment%3D%22GEN_2%22
[debug] [2024-01-21T12:23:24.162Z] <<< [apiv2][status] GET https://cloudfunctions.googleapis.com/v2/projects/tactile-runway-402007/locations/-/functions 200
[debug] [2024-01-21T12:23:24.162Z] <<< [apiv2][body] GET https://cloudfunctions.googleapis.com/v2/projects/tactile-runway-402007/locations/-/functions {}
[debug] [2024-01-21T12:23:24.165Z] >>> [apiv2][query] GET https://firebase.googleapis.com/v1beta1/projects/tactile-runway-402007 [none]
[debug] [2024-01-21T12:23:24.506Z] <<< [apiv2][status] GET https://firebase.googleapis.com/v1beta1/projects/tactile-runway-402007 200
[debug] [2024-01-21T12:23:24.506Z] <<< [apiv2][body] GET https://firebase.googleapis.com/v1beta1/projects/tactile-runway-402007 {"projectId":"tactile-runway-402007","projectNumber":"629280809364","displayName":"projectOneBackEnd","name":"projects/tactile-runway-402007","resources":{"hostingSite":"tactile-runway-402007"},"state":"ACTIVE","etag":"1_ac90a643-c81e-4e2d-ad2f-3d9cf667a4ae"}
[debug] [2024-01-21T12:23:24.507Z] >>> [apiv2][query] POST https://cloudfunctions.googleapis.com/v1/projects/tactile-runway-402007/locations/us-central1/functions:generateUploadUrl [none]
[debug] [2024-01-21T12:23:24.507Z] >>> [apiv2][body] POST https://cloudfunctions.googleapis.com/v1/projects/tactile-runway-402007/locations/us-central1/functions:generateUploadUrl {}
[debug] [2024-01-21T12:23:25.155Z] <<< [apiv2][status] POST https://cloudfunctions.googleapis.com/v1/projects/tactile-runway-402007/locations/us-central1/functions:generateUploadUrl 200
[debug] [2024-01-21T12:23:25.155Z] <<< [apiv2][body] POST https://cloudfunctions.googleapis.com/v1/projects/tactile-runway-402007/locations/us-central1/functions:generateUploadUrl {"uploadUrl":"https://storage.googleapis.com/uploads-206979342587.us-central1.cloudfunctions.appspot.com/952c5f59-d20b-40be-bced-447376227935.zip?GoogleAccessId=service-629280809364@gcf-admin-robot.iam.gserviceaccount.com&Expires=1705841604&Signature=HUArRJV%2Bylu%2FV%2FHHzSO9iS4CZ9%2Fy7hWAMMpl6mnMAiDODUOie6o1iQbmWoM7c2YnZwHPFbKuY73SYpk2jzu8RuEG2c91HaJ1Iyhesa029NUyiQEpbEIQpz5%2FTC421N52qzVmwozZXs7sLsq6EQevKTzUtph4rHvMH8fExK0l%2FsCdpRkVe4nvVjO5pgKy08lLc6wb3NuraIgh%2BQllMzhlvg2u4igEsiV0rA24zyilObtdDTkbjyT4SLzBoUSdI0Ny6scwEunVhYIuKTayeZpcqcQgx%2F%2FHJiLegSqU2%2FntCnrSVF2OacQeI2%2FUuA4%2Bw1ToYe6ZWh%2FqRJ0RoXUYSkXxkA%3D%3D"}
[debug] [2024-01-21T12:23:25.156Z] >>> [apiv2][query] PUT https://storage.googleapis.com/uploads-206979342587.us-central1.cloudfunctions.appspot.com/952c5f59-d20b-40be-bced-447376227935.zip GoogleAccessId=service-629280809364%40gcf-admin-robot.iam.gserviceaccount.com&Expires=1705841604&Signature=HUArRJV%2Bylu%2FV%2FHHzSO9iS4CZ9%2Fy7hWAMMpl6mnMAiDODUOie6o1iQbmWoM7c2YnZwHPFbKuY73SYpk2jzu8RuEG2c91HaJ1Iyhesa029NUyiQEpbEIQpz5%2FTC421N52qzVmwozZXs7sLsq6EQevKTzUtph4rHvMH8fExK0l%2FsCdpRkVe4nvVjO5pgKy08lLc6wb3NuraIgh%2BQllMzhlvg2u4igEsiV0rA24zyilObtdDTkbjyT4SLzBoUSdI0Ny6scwEunVhYIuKTayeZpcqcQgx%2F%2FHJiLegSqU2%2FntCnrSVF2OacQeI2%2FUuA4%2Bw1ToYe6ZWh%2FqRJ0RoXUYSkXxkA%3D%3D
[debug] [2024-01-21T12:23:25.156Z] >>> [apiv2][body] PUT https://storage.googleapis.com/uploads-206979342587.us-central1.cloudfunctions.appspot.com/952c5f59-d20b-40be-bced-447376227935.zip [stream]
[debug] [2024-01-21T12:23:27.298Z] <<< [apiv2][status] PUT https://storage.googleapis.com/uploads-206979342587.us-central1.cloudfunctions.appspot.com/952c5f59-d20b-40be-bced-447376227935.zip 200
[debug] [2024-01-21T12:23:27.298Z] <<< [apiv2][body] PUT https://storage.googleapis.com/uploads-206979342587.us-central1.cloudfunctions.appspot.com/952c5f59-d20b-40be-bced-447376227935.zip [omitted]
[info] +  functions: functions folder uploaded successfully 
[info] i  functions: updating Node.js 18 (1st Gen) function api(us-central1)... 
[debug] [2024-01-21T12:23:27.306Z] >>> [apiv2][query] PATCH https://cloudfunctions.googleapis.com/v1/projects/tactile-runway-402007/locations/us-central1/functions/api updateMask=name%2CsourceUploadUrl%2CentryPoint%2Cruntime%2CdockerRegistry%2Clabels%2ChttpsTrigger.securityLevel%2CminInstances%2CmaxInstances%2CingressSettings%2CenvironmentVariables%2CserviceAccountEmail%2CavailableMemoryMb%2Ctimeout%2CvpcConnector%2CvpcConnectorEgressSettings%2CsourceToken%2CbuildEnvironmentVariables
[debug] [2024-01-21T12:23:27.306Z] >>> [apiv2][body] PATCH https://cloudfunctions.googleapis.com/v1/projects/tactile-runway-402007/locations/us-central1/functions/api {"name":"projects/tactile-runway-402007/locations/us-central1/functions/api","sourceUploadUrl":"https://storage.googleapis.com/uploads-206979342587.us-central1.cloudfunctions.appspot.com/952c5f59-d20b-40be-bced-447376227935.zip?GoogleAccessId=service-629280809364@gcf-admin-robot.iam.gserviceaccount.com&Expires=1705841604&Signature=HUArRJV%2Bylu%2FV%2FHHzSO9iS4CZ9%2Fy7hWAMMpl6mnMAiDODUOie6o1iQbmWoM7c2YnZwHPFbKuY73SYpk2jzu8RuEG2c91HaJ1Iyhesa029NUyiQEpbEIQpz5%2FTC421N52qzVmwozZXs7sLsq6EQevKTzUtph4rHvMH8fExK0l%2FsCdpRkVe4nvVjO5pgKy08lLc6wb3NuraIgh%2BQllMzhlvg2u4igEsiV0rA24zyilObtdDTkbjyT4SLzBoUSdI0Ny6scwEunVhYIuKTayeZpcqcQgx%2F%2FHJiLegSqU2%2FntCnrSVF2OacQeI2%2FUuA4%2Bw1ToYe6ZWh%2FqRJ0RoXUYSkXxkA%3D%3D","entryPoint":"api","runtime":"nodejs18","dockerRegistry":"ARTIFACT_REGISTRY","labels":{"deployment-tool":"cli-firebase","firebase-functions-hash":"706fb910666ed9285f9ea01debebbbb404e44d34"},"httpsTrigger":{"securityLevel":"SECURE_ALWAYS"},"minInstances":null,"maxInstances":null,"ingressSettings":null,"environmentVariables":{"DB_URL":"mongodb+srv://devwedeloper:zT7xqejxdQO1Jqc5@cluster0.3ox05u4.mongodb.net/projectOneDb?retryWrites=true&w=majority","MY_PORT":"3000","ALLOWED_ORIGIN":"http://localhost:4200","ALLOWED_ORIGIN_VERCEL":"https://project-one-front-end.vercel.app","ACCESS_TOKEN_SECRET":"gPkTGNrO4VdLWOn6pPUtYTnXZRH7o5dI","REFRESH_TOKEN_SECRET":"R7,@R_JRrgaQpKQVNmUV5w%q/.$*L","DB_PASSWORD":"zT7xqejxdQO1Jqc5","FIREBASE_CONFIG":"{\"projectId\":\"tactile-runway-402007\",\"storageBucket\":\"tactile-runway-402007.appspot.com\"}","GCLOUD_PROJECT":"tactile-runway-402007","EVENTARC_CLOUD_EVENT_SOURCE":"projects/tactile-runway-402007/locations/us-central1/functions/api"},"serviceAccountEmail":null,"availableMemoryMb":null,"timeout":null,"vpcConnector":null,"vpcConnectorEgressSettings":null,"buildEnvironmentVariables":{"GOOGLE_NODE_RUN_SCRIPTS":""}}
[debug] [2024-01-21T12:23:27.896Z] <<< [apiv2][status] PATCH https://cloudfunctions.googleapis.com/v1/projects/tactile-runway-402007/locations/us-central1/functions/api 200
[debug] [2024-01-21T12:23:27.896Z] <<< [apiv2][body] PATCH https://cloudfunctions.googleapis.com/v1/projects/tactile-runway-402007/locations/us-central1/functions/api {"name":"operations/dGFjdGlsZS1ydW53YXktNDAyMDA3L3VzLWNlbnRyYWwxL2FwaS85RjNnM01sWmJOOA","metadata":{"@type":"type.googleapis.com/google.cloud.functions.v1.OperationMetadataV1","target":"projects/tactile-runway-402007/locations/us-central1/functions/api","type":"UPDATE_FUNCTION","request":{"@type":"type.googleapis.com/google.cloud.functions.v1.CloudFunction","name":"projects/tactile-runway-402007/locations/us-central1/functions/api","httpsTrigger":{"url":"https://us-central1-tactile-runway-402007.cloudfunctions.net/api","securityLevel":"SECURE_ALWAYS"},"status":"ACTIVE","entryPoint":"api","updateTime":"2024-01-21T12:21:58.312Z","versionId":"40","labels":{"deployment-tool":"cli-firebase","firebase-functions-hash":"706fb910666ed9285f9ea01debebbbb404e44d34"},"sourceUploadUrl":"https://storage.googleapis.com/uploads-206979342587.us-central1.cloudfunctions.appspot.com/952c5f59-d20b-40be-bced-447376227935.zip?GoogleAccessId=service-629280809364@gcf-admin-robot.iam.gserviceaccount.com&Expires=1705841604&Signature=HUArRJV%2Bylu%2FV%2FHHzSO9iS4CZ9%2Fy7hWAMMpl6mnMAiDODUOie6o1iQbmWoM7c2YnZwHPFbKuY73SYpk2jzu8RuEG2c91HaJ1Iyhesa029NUyiQEpbEIQpz5%2FTC421N52qzVmwozZXs7sLsq6EQevKTzUtph4rHvMH8fExK0l%2FsCdpRkVe4nvVjO5pgKy08lLc6wb3NuraIgh%2BQllMzhlvg2u4igEsiV0rA24zyilObtdDTkbjyT4SLzBoUSdI0Ny6scwEunVhYIuKTayeZpcqcQgx%2F%2FHJiLegSqU2%2FntCnrSVF2OacQeI2%2FUuA4%2Bw1ToYe6ZWh%2FqRJ0RoXUYSkXxkA%3D%3D","environmentVariables":{"DB_URL":"mongodb+srv://devwedeloper:zT7xqejxdQO1Jqc5@cluster0.3ox05u4.mongodb.net/projectOneDb?retryWrites=true&w=majority","MY_PORT":"3000","ALLOWED_ORIGIN":"http://localhost:4200","ALLOWED_ORIGIN_VERCEL":"https://project-one-front-end.vercel.app","ACCESS_TOKEN_SECRET":"gPkTGNrO4VdLWOn6pPUtYTnXZRH7o5dI","REFRESH_TOKEN_SECRET":"R7,@R_JRrgaQpKQVNmUV5w%q/.$*L","DB_PASSWORD":"zT7xqejxdQO1Jqc5","FIREBASE_CONFIG":"{\"projectId\":\"tactile-runway-402007\",\"storageBucket\":\"tactile-runway-402007.appspot.com\"}","GCLOUD_PROJECT":"tactile-runway-402007","EVENTARC_CLOUD_EVENT_SOURCE":"projects/tactile-runway-402007/locations/us-central1/functions/api"},"runtime":"nodejs18","buildId":"ab47fb18-24ff-4dd5-ac32-edb43dfa5503","buildEnvironmentVariables":{"GOOGLE_NODE_RUN_SCRIPTS":""},"buildName":"projects/629280809364/locations/us-central1/builds/ab47fb18-24ff-4dd5-ac32-edb43dfa5503","dockerRegistry":"ARTIFACT_REGISTRY","automaticUpdatePolicy":{}},"versionId":"41","updateTime":"2024-01-21T12:23:27Z"}}
[debug] [2024-01-21T12:23:27.896Z] >>> [apiv2][query] GET https://cloudfunctions.googleapis.com/v1/operations/dGFjdGlsZS1ydW53YXktNDAyMDA3L3VzLWNlbnRyYWwxL2FwaS85RjNnM01sWmJOOA [none]
[debug] [2024-01-21T12:23:28.223Z] <<< [apiv2][status] GET https://cloudfunctions.googleapis.com/v1/operations/dGFjdGlsZS1ydW53YXktNDAyMDA3L3VzLWNlbnRyYWwxL2FwaS85RjNnM01sWmJOOA 200
[debug] [2024-01-21T12:23:28.223Z] <<< [apiv2][body] GET https://cloudfunctions.googleapis.com/v1/operations/dGFjdGlsZS1ydW53YXktNDAyMDA3L3VzLWNlbnRyYWwxL2FwaS85RjNnM01sWmJOOA {"name":"operations/dGFjdGlsZS1ydW53YXktNDAyMDA3L3VzLWNlbnRyYWwxL2FwaS85RjNnM01sWmJOOA","metadata":{"@type":"type.googleapis.com/google.cloud.functions.v1.OperationMetadataV1","target":"projects/tactile-runway-402007/locations/us-central1/functions/api","type":"UPDATE_FUNCTION","request":{"@type":"type.googleapis.com/google.cloud.functions.v1.CloudFunction","name":"projects/tactile-runway-402007/locations/us-central1/functions/api","httpsTrigger":{"url":"https://us-central1-tactile-runway-402007.cloudfunctions.net/api","securityLevel":"SECURE_ALWAYS"},"status":"ACTIVE","entryPoint":"api","updateTime":"2024-01-21T12:21:58.312Z","versionId":"40","labels":{"deployment-tool":"cli-firebase","firebase-functions-hash":"706fb910666ed9285f9ea01debebbbb404e44d34"},"sourceUploadUrl":"https://storage.googleapis.com/uploads-206979342587.us-central1.cloudfunctions.appspot.com/952c5f59-d20b-40be-bced-447376227935.zip?GoogleAccessId=service-629280809364@gcf-admin-robot.iam.gserviceaccount.com&Expires=1705841604&Signature=HUArRJV%2Bylu%2FV%2FHHzSO9iS4CZ9%2Fy7hWAMMpl6mnMAiDODUOie6o1iQbmWoM7c2YnZwHPFbKuY73SYpk2jzu8RuEG2c91HaJ1Iyhesa029NUyiQEpbEIQpz5%2FTC421N52qzVmwozZXs7sLsq6EQevKTzUtph4rHvMH8fExK0l%2FsCdpRkVe4nvVjO5pgKy08lLc6wb3NuraIgh%2BQllMzhlvg2u4igEsiV0rA24zyilObtdDTkbjyT4SLzBoUSdI0Ny6scwEunVhYIuKTayeZpcqcQgx%2F%2FHJiLegSqU2%2FntCnrSVF2OacQeI2%2FUuA4%2Bw1ToYe6ZWh%2FqRJ0RoXUYSkXxkA%3D%3D","environmentVariables":{"DB_URL":"mongodb+srv://devwedeloper:zT7xqejxdQO1Jqc5@cluster0.3ox05u4.mongodb.net/projectOneDb?retryWrites=true&w=majority","MY_PORT":"3000","ALLOWED_ORIGIN":"http://localhost:4200","ALLOWED_ORIGIN_VERCEL":"https://project-one-front-end.vercel.app","ACCESS_TOKEN_SECRET":"gPkTGNrO4VdLWOn6pPUtYTnXZRH7o5dI","REFRESH_TOKEN_SECRET":"R7,@R_JRrgaQpKQVNmUV5w%q/.$*L","DB_PASSWORD":"zT7xqejxdQO1Jqc5","FIREBASE_CONFIG":"{\"projectId\":\"tactile-runway-402007\",\"storageBucket\":\"tactile-runway-402007.appspot.com\"}","GCLOUD_PROJECT":"tactile-runway-402007","EVENTARC_CLOUD_EVENT_SOURCE":"projects/tactile-runway-402007/locations/us-central1/functions/api"},"runtime":"nodejs18","buildId":"ab47fb18-24ff-4dd5-ac32-edb43dfa5503","buildEnvironmentVariables":{"GOOGLE_NODE_RUN_SCRIPTS":""},"buildName":"projects/629280809364/locations/us-central1/builds/ab47fb18-24ff-4dd5-ac32-edb43dfa5503","dockerRegistry":"ARTIFACT_REGISTRY","automaticUpdatePolicy":{}},"versionId":"41","updateTime":"2024-01-21T12:23:27Z"}}
[debug] [2024-01-21T12:23:28.732Z] [update-default-us-central1-api] Retrying task index 0
[debug] [2024-01-21T12:23:28.733Z] >>> [apiv2][query] GET https://cloudfunctions.googleapis.com/v1/operations/dGFjdGlsZS1ydW53YXktNDAyMDA3L3VzLWNlbnRyYWwxL2FwaS85RjNnM01sWmJOOA [none]
[debug] [2024-01-21T12:23:29.052Z] <<< [apiv2][status] GET https://cloudfunctions.googleapis.com/v1/operations/dGFjdGlsZS1ydW53YXktNDAyMDA3L3VzLWNlbnRyYWwxL2FwaS85RjNnM01sWmJOOA 200
[debug] [2024-01-21T12:23:29.053Z] <<< [apiv2][body] GET https://cloudfunctions.googleapis.com/v1/operations/dGFjdGlsZS1ydW53YXktNDAyMDA3L3VzLWNlbnRyYWwxL2FwaS85RjNnM01sWmJOOA {"name":"operations/dGFjdGlsZS1ydW53YXktNDAyMDA3L3VzLWNlbnRyYWwxL2FwaS85RjNnM01sWmJOOA","metadata":{"@type":"type.googleapis.com/google.cloud.functions.v1.OperationMetadataV1","target":"projects/tactile-runway-402007/locations/us-central1/functions/api","type":"UPDATE_FUNCTION","request":{"@type":"type.googleapis.com/google.cloud.functions.v1.CloudFunction","name":"projects/tactile-runway-402007/locations/us-central1/functions/api","httpsTrigger":{"url":"https://us-central1-tactile-runway-402007.cloudfunctions.net/api","securityLevel":"SECURE_ALWAYS"},"status":"ACTIVE","entryPoint":"api","updateTime":"2024-01-21T12:21:58.312Z","versionId":"40","labels":{"deployment-tool":"cli-firebase","firebase-functions-hash":"706fb910666ed9285f9ea01debebbbb404e44d34"},"sourceUploadUrl":"https://storage.googleapis.com/uploads-206979342587.us-central1.cloudfunctions.appspot.com/952c5f59-d20b-40be-bced-447376227935.zip?GoogleAccessId=service-629280809364@gcf-admin-robot.iam.gserviceaccount.com&Expires=1705841604&Signature=HUArRJV%2Bylu%2FV%2FHHzSO9iS4CZ9%2Fy7hWAMMpl6mnMAiDODUOie6o1iQbmWoM7c2YnZwHPFbKuY73SYpk2jzu8RuEG2c91HaJ1Iyhesa029NUyiQEpbEIQpz5%2FTC421N52qzVmwozZXs7sLsq6EQevKTzUtph4rHvMH8fExK0l%2FsCdpRkVe4nvVjO5pgKy08lLc6wb3NuraIgh%2BQllMzhlvg2u4igEsiV0rA24zyilObtdDTkbjyT4SLzBoUSdI0Ny6scwEunVhYIuKTayeZpcqcQgx%2F%2FHJiLegSqU2%2FntCnrSVF2OacQeI2%2FUuA4%2Bw1ToYe6ZWh%2FqRJ0RoXUYSkXxkA%3D%3D","environmentVariables":{"DB_URL":"mongodb+srv://devwedeloper:zT7xqejxdQO1Jqc5@cluster0.3ox05u4.mongodb.net/projectOneDb?retryWrites=true&w=majority","MY_PORT":"3000","ALLOWED_ORIGIN":"http://localhost:4200","ALLOWED_ORIGIN_VERCEL":"https://project-one-front-end.vercel.app","ACCESS_TOKEN_SECRET":"gPkTGNrO4VdLWOn6pPUtYTnXZRH7o5dI","REFRESH_TOKEN_SECRET":"R7,@R_JRrgaQpKQVNmUV5w%q/.$*L","DB_PASSWORD":"zT7xqejxdQO1Jqc5","FIREBASE_CONFIG":"{\"projectId\":\"tactile-runway-402007\",\"storageBucket\":\"tactile-runway-402007.appspot.com\"}","GCLOUD_PROJECT":"tactile-runway-402007","EVENTARC_CLOUD_EVENT_SOURCE":"projects/tactile-runway-402007/locations/us-central1/functions/api"},"runtime":"nodejs18","buildId":"ab47fb18-24ff-4dd5-ac32-edb43dfa5503","buildEnvironmentVariables":{"GOOGLE_NODE_RUN_SCRIPTS":""},"buildName":"projects/629280809364/locations/us-central1/builds/ab47fb18-24ff-4dd5-ac32-edb43dfa5503","dockerRegistry":"ARTIFACT_REGISTRY","automaticUpdatePolicy":{}},"versionId":"41","updateTime":"2024-01-21T12:23:27Z","buildId":"f0cd3912-eb11-410f-a5ca-1aff31223847","buildName":"projects/629280809364/locations/us-central1/builds/f0cd3912-eb11-410f-a5ca-1aff31223847"}}
[debug] [2024-01-21T12:23:30.062Z] [update-default-us-central1-api] Retrying task index 0
[debug] [2024-01-21T12:23:30.062Z] >>> [apiv2][query] GET https://cloudfunctions.googleapis.com/v1/operations/dGFjdGlsZS1ydW53YXktNDAyMDA3L3VzLWNlbnRyYWwxL2FwaS85RjNnM01sWmJOOA [none]
[debug] [2024-01-21T12:23:30.453Z] <<< [apiv2][status] GET https://cloudfunctions.googleapis.com/v1/operations/dGFjdGlsZS1ydW53YXktNDAyMDA3L3VzLWNlbnRyYWwxL2FwaS85RjNnM01sWmJOOA 200
[debug] [2024-01-21T12:23:30.453Z] <<< [apiv2][body] GET https://cloudfunctions.googleapis.com/v1/operations/dGFjdGlsZS1ydW53YXktNDAyMDA3L3VzLWNlbnRyYWwxL2FwaS85RjNnM01sWmJOOA {"name":"operations/dGFjdGlsZS1ydW53YXktNDAyMDA3L3VzLWNlbnRyYWwxL2FwaS85RjNnM01sWmJOOA","metadata":{"@type":"type.googleapis.com/google.cloud.functions.v1.OperationMetadataV1","target":"projects/tactile-runway-402007/locations/us-central1/functions/api","type":"UPDATE_FUNCTION","request":{"@type":"type.googleapis.com/google.cloud.functions.v1.CloudFunction","name":"projects/tactile-runway-402007/locations/us-central1/functions/api","httpsTrigger":{"url":"https://us-central1-tactile-runway-402007.cloudfunctions.net/api","securityLevel":"SECURE_ALWAYS"},"status":"ACTIVE","entryPoint":"api","updateTime":"2024-01-21T12:21:58.312Z","versionId":"40","labels":{"deployment-tool":"cli-firebase","firebase-functions-hash":"706fb910666ed9285f9ea01debebbbb404e44d34"},"sourceUploadUrl":"https://storage.googleapis.com/uploads-206979342587.us-central1.cloudfunctions.appspot.com/952c5f59-d20b-40be-bced-447376227935.zip?GoogleAccessId=service-629280809364@gcf-admin-robot.iam.gserviceaccount.com&Expires=1705841604&Signature=HUArRJV%2Bylu%2FV%2FHHzSO9iS4CZ9%2Fy7hWAMMpl6mnMAiDODUOie6o1iQbmWoM7c2YnZwHPFbKuY73SYpk2jzu8RuEG2c91HaJ1Iyhesa029NUyiQEpbEIQpz5%2FTC421N52qzVmwozZXs7sLsq6EQevKTzUtph4rHvMH8fExK0l%2FsCdpRkVe4nvVjO5pgKy08lLc6wb3NuraIgh%2BQllMzhlvg2u4igEsiV0rA24zyilObtdDTkbjyT4SLzBoUSdI0Ny6scwEunVhYIuKTayeZpcqcQgx%2F%2FHJiLegSqU2%2FntCnrSVF2OacQeI2%2FUuA4%2Bw1ToYe6ZWh%2FqRJ0RoXUYSkXxkA%3D%3D","environmentVariables":{"DB_URL":"mongodb+srv://devwedeloper:zT7xqejxdQO1Jqc5@cluster0.3ox05u4.mongodb.net/projectOneDb?retryWrites=true&w=majority","MY_PORT":"3000","ALLOWED_ORIGIN":"http://localhost:4200","ALLOWED_ORIGIN_VERCEL":"https://project-one-front-end.vercel.app","ACCESS_TOKEN_SECRET":"gPkTGNrO4VdLWOn6pPUtYTnXZRH7o5dI","REFRESH_TOKEN_SECRET":"R7,@R_JRrgaQpKQVNmUV5w%q/.$*L","DB_PASSWORD":"zT7xqejxdQO1Jqc5","FIREBASE_CONFIG":"{\"projectId\":\"tactile-runway-402007\",\"storageBucket\":\"tactile-runway-402007.appspot.com\"}","GCLOUD_PROJECT":"tactile-runway-402007","EVENTARC_CLOUD_EVENT_SOURCE":"projects/tactile-runway-402007/locations/us-central1/functions/api"},"runtime":"nodejs18","buildId":"ab47fb18-24ff-4dd5-ac32-edb43dfa5503","buildEnvironmentVariables":{"GOOGLE_NODE_RUN_SCRIPTS":""},"buildName":"projects/629280809364/locations/us-central1/builds/ab47fb18-24ff-4dd5-ac32-edb43dfa5503","dockerRegistry":"ARTIFACT_REGISTRY","automaticUpdatePolicy":{}},"versionId":"41","updateTime":"2024-01-21T12:23:27Z","buildId":"f0cd3912-eb11-410f-a5ca-1aff31223847","buildName":"projects/629280809364/locations/us-central1/builds/f0cd3912-eb11-410f-a5ca-1aff31223847"}}
